<?xml version='1.0' encoding='UTF-8'?>
<!DOCTYPE coverage SYSTEM 'http://cobertura.sourceforge.net/xml/coverage-04.dtd'>
<coverage line-rate="0.5883748517200474" branch-rate="0.2573744652105382" lines-covered="1984" lines-valid="3372" branches-covered="1143" branches-valid="4441" complexity="0.0" timestamp="1653717829" version="gcovr 4.2"><sources><source>/home/nikolaj/Project/Embedded_CPP_Library</source></sources><packages><package name="Components.Actuator.ServoMotor.include" line-rate="1.0" branch-rate="0.0" complexity="0.0"><classes><class name="MG996R_hpp" filename="Components/Actuator/ServoMotor/include/MG996R.hpp" line-rate="1.0" branch-rate="0.0" complexity="0.0"><methods/><lines><line number="149" hits="32" branch="false"/><line number="151" hits="32" branch="false"/><line number="152" hits="74" branch="false"/><line number="154" hits="74" branch="false"/><line number="156" hits="44" branch="false"/><line number="158" hits="44" branch="false"/><line number="160" hits="18" branch="false"/><line number="162" hits="18" branch="false"/><line number="164" hits="6" branch="false"/><line number="166" hits="6" branch="false"/></lines></class></classes></package><package name="Components.Actuator.ServoMotor.src" line-rate="0.49019607843137253" branch-rate="0.16666666666666666" complexity="0.0"><classes><class name="MG996R_cpp" filename="Components/Actuator/ServoMotor/src/MG996R.cpp" line-rate="0.49019607843137253" branch-rate="0.16666666666666666" complexity="0.0"><methods/><lines><line number="40" hits="32" branch="false"/><line number="41" hits="32" branch="true" condition-coverage="50% (2/4)"><conditions><condition number="0" type="jump" coverage="50%"/></conditions></line><line number="45" hits="32" branch="false"/><line number="46" hits="32" branch="false"/><line number="47" hits="32" branch="false"/><line number="49" hits="64" branch="false"/><line number="51" hits="88" branch="false"/><line number="57" hits="88" branch="true" condition-coverage="100% (2/2)"><conditions><condition number="0" type="jump" coverage="100%"/></conditions></line><line number="59" hits="6" branch="false"/><line number="60" hits="6" branch="false"/><line number="62" hits="82" branch="true" condition-coverage="100% (2/2)"><conditions><condition number="0" type="jump" coverage="100%"/></conditions></line><line number="64" hits="28" branch="false"/><line number="65" hits="28" branch="false"/><line number="67" hits="54" branch="true" condition-coverage="50% (1/2)"><conditions><condition number="0" type="jump" coverage="50%"/></conditions></line><line number="69" hits="0" branch="false"/><line number="72" hits="54" branch="false"/><line number="77" hits="54" branch="false"/><line number="80" hits="56" branch="false"/><line number="86" hits="56" branch="false"/><line number="87" hits="56" branch="true" condition-coverage="50% (1/2)"><conditions><condition number="0" type="jump" coverage="50%"/></conditions></line><line number="89" hits="0" branch="true" condition-coverage="0% (0/6)"><conditions><condition number="0" type="jump" coverage="0%"/></conditions></line><line number="90" hits="0" branch="true" condition-coverage="0% (0/2)"><conditions><condition number="0" type="jump" coverage="0%"/></conditions></line><line number="91" hits="0" branch="false"/><line number="94" hits="56" branch="false"/><line number="100" hits="56" branch="false"/><line number="103" hits="4" branch="false"/><line number="105" hits="4" branch="false"/><line number="108" hits="6" branch="false"/><line number="110" hits="6" branch="false"/><line number="113" hits="0" branch="false"/><line number="115" hits="0" branch="false"/><line number="116" hits="0" branch="false"/><line number="118" hits="0" branch="false"/><line number="119" hits="0" branch="true" condition-coverage="0% (0/2)"><conditions><condition number="0" type="jump" coverage="0%"/></conditions></line><line number="120" hits="0" branch="true" condition-coverage="0% (0/2)"><conditions><condition number="0" type="jump" coverage="0%"/></conditions></line><line number="122" hits="0" branch="false"/><line number="124" hits="0" branch="true" condition-coverage="0% (0/2)"><conditions><condition number="0" type="jump" coverage="0%"/></conditions></line><line number="125" hits="0" branch="true" condition-coverage="0% (0/2)"><conditions><condition number="0" type="jump" coverage="0%"/></conditions></line><line number="126" hits="0" branch="true" condition-coverage="0% (0/6)"><conditions><condition number="0" type="jump" coverage="0%"/></conditions></line><line number="127" hits="0" branch="false"/><line number="130" hits="0" branch="false"/><line number="132" hits="0" branch="false"/><line number="133" hits="0" branch="false"/><line number="135" hits="0" branch="false"/><line number="136" hits="0" branch="true" condition-coverage="0% (0/2)"><conditions><condition number="0" type="jump" coverage="0%"/></conditions></line><line number="137" hits="0" branch="true" condition-coverage="0% (0/2)"><conditions><condition number="0" type="jump" coverage="0%"/></conditions></line><line number="139" hits="0" branch="false"/><line number="141" hits="0" branch="true" condition-coverage="0% (0/2)"><conditions><condition number="0" type="jump" coverage="0%"/></conditions></line><line number="142" hits="0" branch="true" condition-coverage="0% (0/2)"><conditions><condition number="0" type="jump" coverage="0%"/></conditions></line><line number="143" hits="0" branch="true" condition-coverage="0% (0/6)"><conditions><condition number="0" type="jump" coverage="0%"/></conditions></line><line number="144" hits="0" branch="false"/></lines></class></classes></package><package name="Components.Actuator.ServoMotor.test" line-rate="1.0" branch-rate="0.0" complexity="0.0"><classes><class name="test_main_cpp" filename="Components/Actuator/ServoMotor/test/test_main.cpp" line-rate="1.0" branch-rate="0.0" complexity="0.0"><methods/><lines><line number="6" hits="111" branch="false"/><line number="11" hits="111" branch="false"/><line number="25" hits="111" branch="false"/></lines></class></classes></package><package name="Components.Actuator.ServoMotor.test.test" line-rate="0.9782608695652174" branch-rate="0.26" complexity="0.0"><classes><class name="servo_test_cpp" filename="Components/Actuator/ServoMotor/test/test/servo_test.cpp" line-rate="0.9782608695652174" branch-rate="0.26" complexity="0.0"><methods/><lines><line number="28" hits="24" branch="false"/><line number="29" hits="24" branch="false"/><line number="32" hits="24" branch="true" condition-coverage="50% (1/2)"><conditions><condition number="0" type="jump" coverage="50%"/></conditions></line><line number="33" hits="24" branch="false"/><line number="37" hits="12" branch="true" condition-coverage="50% (1/2)"><conditions><condition number="0" type="jump" coverage="50%"/></conditions></line><line number="39" hits="4" branch="true" condition-coverage="50% (1/2)"><conditions><condition number="0" type="jump" coverage="50%"/></conditions></line><line number="40" hits="4" branch="false"/><line number="42" hits="12" branch="true" condition-coverage="50% (1/2)"><conditions><condition number="0" type="jump" coverage="50%"/></conditions></line><line number="44" hits="4" branch="true" condition-coverage="50% (1/2)"><conditions><condition number="0" type="jump" coverage="50%"/></conditions></line><line number="45" hits="4" branch="true" condition-coverage="50% (1/2)"><conditions><condition number="0" type="jump" coverage="50%"/></conditions></line><line number="46" hits="4" branch="false"/><line number="49" hits="12" branch="true" condition-coverage="50% (1/2)"><conditions><condition number="0" type="jump" coverage="50%"/></conditions></line><line number="51" hits="4" branch="true" condition-coverage="50% (1/2)"><conditions><condition number="0" type="jump" coverage="50%"/></conditions></line><line number="52" hits="4" branch="true" condition-coverage="50% (1/2)"><conditions><condition number="0" type="jump" coverage="50%"/></conditions></line><line number="53" hits="4" branch="false"/><line number="55" hits="12" branch="true" condition-coverage="50% (1/2)"><conditions><condition number="0" type="jump" coverage="50%"/></conditions></line><line number="57" hits="4" branch="true" condition-coverage="50% (1/2)"><conditions><condition number="0" type="jump" coverage="50%"/></conditions></line><line number="58" hits="4" branch="true" condition-coverage="50% (1/2)"><conditions><condition number="0" type="jump" coverage="50%"/></conditions></line><line number="59" hits="4" branch="false"/><line number="62" hits="12" branch="true" condition-coverage="50% (1/2)"><conditions><condition number="0" type="jump" coverage="50%"/></conditions></line><line number="64" hits="4" branch="true" condition-coverage="12% (3/24)"><conditions><condition number="0" type="jump" coverage="12%"/></conditions></line><line number="65" hits="4" branch="false"/><line number="68" hits="12" branch="true" condition-coverage="50% (1/2)"><conditions><condition number="0" type="jump" coverage="50%"/></conditions></line><line number="70" hits="4" branch="false"/><line number="73" hits="4" branch="true" condition-coverage="50% (1/2)"><conditions><condition number="0" type="jump" coverage="50%"/></conditions></line><line number="74" hits="4" branch="false"/><line number="76" hits="12" branch="true" condition-coverage="50% (1/2)"><conditions><condition number="0" type="jump" coverage="50%"/></conditions></line><line number="78" hits="4" branch="false"/><line number="79" hits="4" branch="true" condition-coverage="50% (1/2)"><conditions><condition number="0" type="jump" coverage="50%"/></conditions></line><line number="80" hits="4" branch="false"/><line number="83" hits="12" branch="true" condition-coverage="50% (1/2)"><conditions><condition number="0" type="jump" coverage="50%"/></conditions></line><line number="85" hits="4" branch="true" condition-coverage="50% (1/2)"><conditions><condition number="0" type="jump" coverage="50%"/></conditions></line><line number="87" hits="4" branch="false"/><line number="88" hits="4" branch="false"/><line number="89" hits="4" branch="true" condition-coverage="50% (2/4)"><conditions><condition number="0" type="jump" coverage="50%"/></conditions></line><line number="90" hits="4" branch="true" condition-coverage="50% (1/2)"><conditions><condition number="0" type="jump" coverage="50%"/></conditions></line><line number="91" hits="4" branch="true" condition-coverage="50% (2/4)"><conditions><condition number="0" type="jump" coverage="50%"/></conditions></line><line number="92" hits="4" branch="false"/><line number="94" hits="12" branch="true" condition-coverage="50% (1/2)"><conditions><condition number="0" type="jump" coverage="50%"/></conditions></line><line number="96" hits="4" branch="false"/><line number="98" hits="4" branch="false"/><line number="99" hits="40" branch="false"/><line number="101" hits="44" branch="false"/><line number="102" hits="44" branch="true" condition-coverage="50% (1/2)"><conditions><condition number="0" type="jump" coverage="50%"/></conditions></line><line number="103" hits="44" branch="true" condition-coverage="50% (1/2)"><conditions><condition number="0" type="jump" coverage="50%"/></conditions></line><line number="105" hits="0" branch="true" condition-coverage="0% (0/4)"><conditions><condition number="0" type="jump" coverage="0%"/></conditions></line><line number="107" hits="44" branch="true" condition-coverage="50% (1/2)"><conditions><condition number="0" type="jump" coverage="50%"/></conditions></line><line number="108" hits="44" branch="true" condition-coverage="50% (2/4)"><conditions><condition number="0" type="jump" coverage="50%"/></conditions></line><line number="109" hits="44" branch="true" condition-coverage="50% (3/6)"><conditions><condition number="0" type="jump" coverage="50%"/></conditions></line><line number="110" hits="44" branch="true" condition-coverage="16% (3/18)"><conditions><condition number="0" type="jump" coverage="16%"/></conditions></line><line number="112" hits="44" branch="true" condition-coverage="83% (5/6)"><conditions><condition number="0" type="jump" coverage="83%"/></conditions></line><line number="113" hits="4" branch="false"/><line number="114" hits="4" branch="true" condition-coverage="50% (1/2)"><conditions><condition number="0" type="jump" coverage="50%"/></conditions></line><line number="115" hits="4" branch="false"/><line number="117" hits="12" branch="true" condition-coverage="50% (1/2)"><conditions><condition number="0" type="jump" coverage="50%"/></conditions></line><line number="119" hits="4" branch="false"/><line number="121" hits="4" branch="false"/><line number="122" hits="40" branch="false"/><line number="124" hits="44" branch="false"/><line number="125" hits="44" branch="true" condition-coverage="50% (1/2)"><conditions><condition number="0" type="jump" coverage="50%"/></conditions></line><line number="126" hits="44" branch="true" condition-coverage="50% (1/2)"><conditions><condition number="0" type="jump" coverage="50%"/></conditions></line><line number="128" hits="0" branch="true" condition-coverage="0% (0/4)"><conditions><condition number="0" type="jump" coverage="0%"/></conditions></line><line number="130" hits="44" branch="true" condition-coverage="50% (1/2)"><conditions><condition number="0" type="jump" coverage="50%"/></conditions></line><line number="131" hits="44" branch="true" condition-coverage="50% (2/4)"><conditions><condition number="0" type="jump" coverage="50%"/></conditions></line><line number="132" hits="44" branch="true" condition-coverage="50% (3/6)"><conditions><condition number="0" type="jump" coverage="50%"/></conditions></line><line number="133" hits="44" branch="true" condition-coverage="16% (3/18)"><conditions><condition number="0" type="jump" coverage="16%"/></conditions></line><line number="135" hits="44" branch="true" condition-coverage="83% (5/6)"><conditions><condition number="0" type="jump" coverage="83%"/></conditions></line><line number="136" hits="4" branch="false"/><line number="137" hits="4" branch="true" condition-coverage="50% (1/2)"><conditions><condition number="0" type="jump" coverage="50%"/></conditions></line><line number="138" hits="4" branch="false"/><line number="140" hits="12" branch="true" condition-coverage="50% (1/2)"><conditions><condition number="0" type="jump" coverage="50%"/></conditions></line><line number="142" hits="4" branch="false"/><line number="144" hits="16" branch="true" condition-coverage="50% (2/4)"><conditions><condition number="0" type="jump" coverage="50%"/></conditions></line><line number="145" hits="8" branch="false"/><line number="146" hits="4" branch="true" condition-coverage="12% (3/24)"><conditions><condition number="0" type="jump" coverage="12%"/></conditions></line><line number="147" hits="4" branch="true" condition-coverage="10% (3/30)"><conditions><condition number="0" type="jump" coverage="10%"/></conditions></line><line number="148" hits="4" branch="false"/><line number="150" hits="12" branch="true" condition-coverage="50% (1/2)"><conditions><condition number="0" type="jump" coverage="50%"/></conditions></line><line number="152" hits="4" branch="false"/><line number="154" hits="16" branch="true" condition-coverage="50% (2/4)"><conditions><condition number="0" type="jump" coverage="50%"/></conditions></line><line number="155" hits="8" branch="false"/><line number="158" hits="4" branch="false"/><line number="159" hits="16" branch="true" condition-coverage="50% (2/4)"><conditions><condition number="0" type="jump" coverage="50%"/></conditions></line><line number="160" hits="4" branch="false"/><line number="161" hits="4" branch="true" condition-coverage="12% (3/24)"><conditions><condition number="0" type="jump" coverage="12%"/></conditions></line><line number="162" hits="4" branch="true" condition-coverage="10% (3/30)"><conditions><condition number="0" type="jump" coverage="10%"/></conditions></line><line number="163" hits="4" branch="false"/><line number="167" hits="16" branch="true" condition-coverage="50% (2/4)"><conditions><condition number="0" type="jump" coverage="50%"/></conditions></line><line number="168" hits="8" branch="false"/><line number="169" hits="4" branch="true" condition-coverage="12% (3/24)"><conditions><condition number="0" type="jump" coverage="12%"/></conditions></line><line number="170" hits="4" branch="true" condition-coverage="10% (3/30)"><conditions><condition number="0" type="jump" coverage="10%"/></conditions></line><line number="172" hits="4" branch="false"/></lines></class></classes></package><package name="Components.AnalysisTools.ImageAnalysis_OpenCV.src" line-rate="0.14285714285714285" branch-rate="0.031746031746031744" complexity="0.0"><classes><class name="Background_Extractor_cpp" filename="Components/AnalysisTools/ImageAnalysis_OpenCV/src/Background_Extractor.cpp" line-rate="0.3076923076923077" branch-rate="0.08163265306122448" complexity="0.0"><methods/><lines><line number="36" hits="44" branch="false"/><line number="38" hits="44" branch="true" condition-coverage="33% (1/3)"><conditions><condition number="0" type="jump" coverage="33%"/></conditions></line><line number="40" hits="44" branch="false"/><line number="41" hits="44" branch="true" condition-coverage="50% (1/2)"><conditions><condition number="0" type="jump" coverage="50%"/></conditions></line><line number="42" hits="44" branch="true" condition-coverage="50% (1/2)"><conditions><condition number="0" type="jump" coverage="50%"/></conditions></line><line number="43" hits="44" branch="false"/><line number="44" hits="0" branch="false"/><line number="45" hits="0" branch="true" condition-coverage="0% (0/2)"><conditions><condition number="0" type="jump" coverage="0%"/></conditions></line><line number="46" hits="0" branch="true" condition-coverage="0% (0/2)"><conditions><condition number="0" type="jump" coverage="0%"/></conditions></line><line number="47" hits="0" branch="false"/><line number="50" hits="44" branch="false"/><line number="52" hits="44" branch="false"/><line number="54" hits="44" branch="false"/><line number="58" hits="44" branch="true" condition-coverage="50% (1/2)"><conditions><condition number="0" type="jump" coverage="50%"/></conditions></line><line number="60" hits="44" branch="false"/><line number="61" hits="44" branch="false"/><line number="64" hits="0" branch="false"/><line number="65" hits="0" branch="false"/><line number="67" hits="0" branch="true" condition-coverage="0% (0/4)"><conditions><condition number="0" type="jump" coverage="0%"/></conditions></line><line number="68" hits="0" branch="true" condition-coverage="0% (0/2)"><conditions><condition number="0" type="jump" coverage="0%"/></conditions></line><line number="69" hits="0" branch="false"/><line number="72" hits="0" branch="false"/><line number="75" hits="0" branch="false"/><line number="76" hits="0" branch="false"/><line number="78" hits="0" branch="true" condition-coverage="0% (0/4)"><conditions><condition number="0" type="jump" coverage="0%"/></conditions></line><line number="79" hits="0" branch="true" condition-coverage="0% (0/2)"><conditions><condition number="0" type="jump" coverage="0%"/></conditions></line><line number="80" hits="0" branch="false"/><line number="83" hits="0" branch="false"/><line number="85" hits="0" branch="true" condition-coverage="0% (0/2)"><conditions><condition number="0" type="jump" coverage="0%"/></conditions></line><line number="86" hits="0" branch="true" condition-coverage="0% (0/4)"><conditions><condition number="0" type="jump" coverage="0%"/></conditions></line><line number="87" hits="0" branch="false"/><line number="88" hits="0" branch="true" condition-coverage="0% (0/2)"><conditions><condition number="0" type="jump" coverage="0%"/></conditions></line><line number="89" hits="0" branch="true" condition-coverage="0% (0/4)"><conditions><condition number="0" type="jump" coverage="0%"/></conditions></line><line number="90" hits="0" branch="false"/><line number="91" hits="0" branch="true" condition-coverage="0% (0/2)"><conditions><condition number="0" type="jump" coverage="0%"/></conditions></line><line number="92" hits="0" branch="true" condition-coverage="0% (0/4)"><conditions><condition number="0" type="jump" coverage="0%"/></conditions></line><line number="93" hits="0" branch="true" condition-coverage="0% (0/2)"><conditions><condition number="0" type="jump" coverage="0%"/></conditions></line><line number="94" hits="0" branch="true" condition-coverage="0% (0/4)"><conditions><condition number="0" type="jump" coverage="0%"/></conditions></line><line number="95" hits="0" branch="false"/></lines></class><class name="ConnectedComponents_cpp" filename="Components/AnalysisTools/ImageAnalysis_OpenCV/src/ConnectedComponents.cpp" line-rate="0.15625" branch-rate="0.0375" complexity="0.0"><methods/><lines><line number="30" hits="44" branch="false"/><line number="38" hits="44" branch="true" condition-coverage="50% (2/4)"><conditions><condition number="0" type="jump" coverage="50%"/></conditions></line><line number="40" hits="44" branch="false"/><line number="43" hits="0" branch="false"/><line number="44" hits="0" branch="true" condition-coverage="0% (0/10)"><conditions><condition number="0" type="jump" coverage="0%"/></conditions></line><line number="45" hits="0" branch="true" condition-coverage="0% (0/2)"><conditions><condition number="0" type="jump" coverage="0%"/></conditions></line><line number="46" hits="0" branch="true" condition-coverage="0% (0/10)"><conditions><condition number="0" type="jump" coverage="0%"/></conditions></line><line number="47" hits="0" branch="true" condition-coverage="0% (0/2)"><conditions><condition number="0" type="jump" coverage="0%"/></conditions></line><line number="49" hits="0" branch="false"/><line number="50" hits="0" branch="false"/><line number="51" hits="0" branch="true" condition-coverage="0% (0/6)"><conditions><condition number="0" type="jump" coverage="0%"/></conditions></line><line number="52" hits="0" branch="false"/><line number="53" hits="0" branch="true" condition-coverage="0% (0/2)"><conditions><condition number="0" type="jump" coverage="0%"/></conditions></line><line number="55" hits="0" branch="true" condition-coverage="0% (0/2)"><conditions><condition number="0" type="jump" coverage="0%"/></conditions></line><line number="56" hits="0" branch="false"/><line number="57" hits="0" branch="false"/><line number="59" hits="0" branch="true" condition-coverage="0% (0/10)"><conditions><condition number="0" type="jump" coverage="0%"/></conditions></line><line number="61" hits="0" branch="true" condition-coverage="0% (0/2)"><conditions><condition number="0" type="jump" coverage="0%"/></conditions></line><line number="63" hits="0" branch="true" condition-coverage="0% (0/2)"><conditions><condition number="0" type="jump" coverage="0%"/></conditions></line><line number="67" hits="0" branch="true" condition-coverage="0% (0/6)"><conditions><condition number="0" type="jump" coverage="0%"/></conditions></line><line number="68" hits="0" branch="true" condition-coverage="0% (0/2)"><conditions><condition number="0" type="jump" coverage="0%"/></conditions></line><line number="70" hits="0" branch="true" condition-coverage="0% (0/10)"><conditions><condition number="0" type="jump" coverage="0%"/></conditions></line><line number="71" hits="0" branch="false"/><line number="78" hits="0" branch="true" condition-coverage="0% (0/2)"><conditions><condition number="0" type="jump" coverage="0%"/></conditions></line><line number="81" hits="44" branch="false"/><line number="83" hits="44" branch="true" condition-coverage="50% (2/4)"><conditions><condition number="0" type="jump" coverage="50%"/></conditions></line><line number="85" hits="44" branch="false"/><line number="88" hits="0" branch="true" condition-coverage="0% (0/10)"><conditions><condition number="0" type="jump" coverage="0%"/></conditions></line><line number="89" hits="0" branch="true" condition-coverage="0% (0/2)"><conditions><condition number="0" type="jump" coverage="0%"/></conditions></line><line number="90" hits="0" branch="true" condition-coverage="0% (0/10)"><conditions><condition number="0" type="jump" coverage="0%"/></conditions></line><line number="91" hits="0" branch="true" condition-coverage="0% (0/2)"><conditions><condition number="0" type="jump" coverage="0%"/></conditions></line><line number="93" hits="0" branch="false"/><line number="94" hits="0" branch="true" condition-coverage="0% (0/6)"><conditions><condition number="0" type="jump" coverage="0%"/></conditions></line><line number="95" hits="0" branch="false"/><line number="97" hits="0" branch="true" condition-coverage="0% (0/4)"><conditions><condition number="0" type="jump" coverage="0%"/></conditions></line><line number="99" hits="0" branch="true" condition-coverage="0% (0/2)"><conditions><condition number="0" type="jump" coverage="0%"/></conditions></line><line number="101" hits="0" branch="false"/><line number="105" hits="0" branch="false"/><line number="109" hits="44" branch="false"/><line number="111" hits="44" branch="false"/><line number="112" hits="44" branch="true" condition-coverage="50% (2/4)"><conditions><condition number="0" type="jump" coverage="50%"/></conditions></line><line number="114" hits="44" branch="false"/><line number="116" hits="0" branch="true" condition-coverage="0% (0/10)"><conditions><condition number="0" type="jump" coverage="0%"/></conditions></line><line number="117" hits="0" branch="true" condition-coverage="0% (0/2)"><conditions><condition number="0" type="jump" coverage="0%"/></conditions></line><line number="118" hits="0" branch="true" condition-coverage="0% (0/10)"><conditions><condition number="0" type="jump" coverage="0%"/></conditions></line><line number="119" hits="0" branch="true" condition-coverage="0% (0/2)"><conditions><condition number="0" type="jump" coverage="0%"/></conditions></line><line number="121" hits="0" branch="false"/><line number="122" hits="0" branch="true" condition-coverage="0% (0/6)"><conditions><condition number="0" type="jump" coverage="0%"/></conditions></line><line number="124" hits="0" branch="false"/><line number="125" hits="0" branch="false"/><line number="128" hits="0" branch="false"/><line number="129" hits="0" branch="false"/><line number="131" hits="0" branch="true" condition-coverage="0% (0/4)"><conditions><condition number="0" type="jump" coverage="0%"/></conditions></line><line number="133" hits="0" branch="true" condition-coverage="0% (0/2)"><conditions><condition number="0" type="jump" coverage="0%"/></conditions></line><line number="135" hits="0" branch="false"/><line number="136" hits="0" branch="false"/><line number="138" hits="0" branch="false"/><line number="141" hits="0" branch="true" condition-coverage="0% (0/2)"><conditions><condition number="0" type="jump" coverage="0%"/></conditions></line><line number="143" hits="0" branch="true" condition-coverage="0% (0/6)"><conditions><condition number="0" type="jump" coverage="0%"/></conditions></line><line number="145" hits="0" branch="false"/><line number="146" hits="0" branch="false"/><line number="147" hits="0" branch="false"/><line number="148" hits="0" branch="false"/><line number="151" hits="0" branch="false"/></lines></class><class name="Utility_Image_cpp" filename="Components/AnalysisTools/ImageAnalysis_OpenCV/src/Utility_Image.cpp" line-rate="0.0" branch-rate="0.0" complexity="0.0"><methods/><lines><line number="31" hits="0" branch="false"/><line number="37" hits="0" branch="true" condition-coverage="0% (0/2)"><conditions><condition number="0" type="jump" coverage="0%"/></conditions></line><line number="38" hits="0" branch="false"/><line number="41" hits="0" branch="false"/><line number="47" hits="0" branch="false"/><line number="49" hits="0" branch="false"/><line number="50" hits="0" branch="true" condition-coverage="0% (0/2)"><conditions><condition number="0" type="jump" coverage="0%"/></conditions></line><line number="53" hits="0" branch="false"/><line number="55" hits="0" branch="false"/><line number="56" hits="0" branch="true" condition-coverage="0% (0/6)"><conditions><condition number="0" type="jump" coverage="0%"/></conditions></line><line number="57" hits="0" branch="false"/><line number="60" hits="0" branch="false"/><line number="62" hits="0" branch="true" condition-coverage="0% (0/2)"><conditions><condition number="0" type="jump" coverage="0%"/></conditions></line><line number="63" hits="0" branch="true" condition-coverage="0% (0/2)"><conditions><condition number="0" type="jump" coverage="0%"/></conditions></line><line number="64" hits="0" branch="true" condition-coverage="0% (0/2)"><conditions><condition number="0" type="jump" coverage="0%"/></conditions></line><line number="66" hits="0" branch="true" condition-coverage="0% (0/4)"><conditions><condition number="0" type="jump" coverage="0%"/></conditions></line><line number="68" hits="0" branch="false"/><line number="71" hits="0" branch="false"/><line number="73" hits="0" branch="false"/><line number="76" hits="0" branch="false"/><line number="79" hits="0" branch="false"/><line number="80" hits="0" branch="false"/><line number="81" hits="0" branch="true" condition-coverage="0% (0/14)"><conditions><condition number="0" type="jump" coverage="0%"/></conditions></line><line number="82" hits="0" branch="true" condition-coverage="0% (0/6)"><conditions><condition number="0" type="jump" coverage="0%"/></conditions></line><line number="83" hits="0" branch="true" condition-coverage="0% (0/6)"><conditions><condition number="0" type="jump" coverage="0%"/></conditions></line><line number="101" hits="0" branch="false"/><line number="103" hits="0" branch="true" condition-coverage="0% (0/4)"><conditions><condition number="0" type="jump" coverage="0%"/></conditions></line><line number="104" hits="0" branch="false"/><line number="123" hits="0" branch="false"/><line number="129" hits="0" branch="true" condition-coverage="0% (0/6)"><conditions><condition number="0" type="jump" coverage="0%"/></conditions></line><line number="135" hits="0" branch="false"/><line number="156" hits="0" branch="false"/><line number="163" hits="0" branch="true" condition-coverage="0% (0/2)"><conditions><condition number="0" type="jump" coverage="0%"/></conditions></line><line number="164" hits="0" branch="true" condition-coverage="0% (0/4)"><conditions><condition number="0" type="jump" coverage="0%"/></conditions></line><line number="170" hits="0" branch="false"/><line number="190" hits="0" branch="false"/><line number="196" hits="0" branch="true" condition-coverage="0% (0/2)"><conditions><condition number="0" type="jump" coverage="0%"/></conditions></line><line number="202" hits="0" branch="false"/><line number="220" hits="0" branch="false"/><line number="226" hits="0" branch="false"/><line number="227" hits="0" branch="true" condition-coverage="0% (0/2)"><conditions><condition number="0" type="jump" coverage="0%"/></conditions></line><line number="228" hits="0" branch="true" condition-coverage="0% (0/10)"><conditions><condition number="0" type="jump" coverage="0%"/></conditions></line><line number="235" hits="0" branch="false"/><line number="256" hits="0" branch="false"/><line number="264" hits="0" branch="true" condition-coverage="0% (0/8)"><conditions><condition number="0" type="jump" coverage="0%"/></conditions></line><line number="266" hits="0" branch="true" condition-coverage="0% (0/4)"><conditions><condition number="0" type="jump" coverage="0%"/></conditions></line><line number="267" hits="0" branch="true" condition-coverage="0% (0/4)"><conditions><condition number="0" type="jump" coverage="0%"/></conditions></line><line number="269" hits="0" branch="true" condition-coverage="0% (0/6)"><conditions><condition number="0" type="jump" coverage="0%"/></conditions></line><line number="271" hits="0" branch="true" condition-coverage="0% (0/4)"><conditions><condition number="0" type="jump" coverage="0%"/></conditions></line><line number="273" hits="0" branch="true" condition-coverage="0% (0/4)"><conditions><condition number="0" type="jump" coverage="0%"/></conditions></line><line number="279" hits="0" branch="false"/></lines></class></classes></package><package name="Components.AnalysisTools.ImageAnalysis_OpenCV.test" line-rate="1.0" branch-rate="0.0" complexity="0.0"><classes><class name="test_main_cpp" filename="Components/AnalysisTools/ImageAnalysis_OpenCV/test/test_main.cpp" line-rate="1.0" branch-rate="0.0" complexity="0.0"><methods/><lines><line number="6" hits="111" branch="false"/><line number="11" hits="111" branch="false"/><line number="25" hits="111" branch="false"/></lines></class></classes></package><package name="Components.AnalysisTools.ImageAnalysis_OpenCV.test.test" line-rate="1.0" branch-rate="0.2391304347826087" complexity="0.0"><classes><class name="bkg_test_cpp" filename="Components/AnalysisTools/ImageAnalysis_OpenCV/test/test/bkg_test.cpp" line-rate="1.0" branch-rate="0.5" complexity="0.0"><methods/><lines><line number="18" hits="66" branch="false"/><line number="19" hits="66" branch="false"/><line number="22" hits="66" branch="false"/><line number="26" hits="396" branch="true" condition-coverage="50% (1/2)"><conditions><condition number="0" type="jump" coverage="50%"/></conditions></line><line number="28" hits="264" branch="false"/><line number="29" hits="132" branch="true" condition-coverage="50% (1/2)"><conditions><condition number="0" type="jump" coverage="50%"/></conditions></line><line number="30" hits="132" branch="true" condition-coverage="50% (2/4)"><conditions><condition number="0" type="jump" coverage="50%"/></conditions></line><line number="31" hits="132" branch="false"/></lines></class><class name="cc_test_cpp" filename="Components/AnalysisTools/ImageAnalysis_OpenCV/test/test/cc_test.cpp" line-rate="1.0" branch-rate="0.21428571428571427" complexity="0.0"><methods/><lines><line number="13" hits="198" branch="false"/><line number="15" hits="396" branch="false"/><line number="18" hits="198" branch="false"/><line number="21" hits="396" branch="true" condition-coverage="50% (1/2)"><conditions><condition number="0" type="jump" coverage="50%"/></conditions></line><line number="23" hits="264" branch="false"/><line number="24" hits="132" branch="true" condition-coverage="50% (1/2)"><conditions><condition number="0" type="jump" coverage="50%"/></conditions></line><line number="25" hits="132" branch="true" condition-coverage="16% (3/18)"><conditions><condition number="0" type="jump" coverage="16%"/></conditions></line><line number="26" hits="132" branch="false"/><line number="28" hits="396" branch="true" condition-coverage="50% (1/2)"><conditions><condition number="0" type="jump" coverage="50%"/></conditions></line><line number="30" hits="264" branch="false"/><line number="31" hits="132" branch="true" condition-coverage="50% (1/2)"><conditions><condition number="0" type="jump" coverage="50%"/></conditions></line><line number="32" hits="132" branch="true" condition-coverage="16% (3/18)"><conditions><condition number="0" type="jump" coverage="16%"/></conditions></line><line number="33" hits="132" branch="false"/><line number="35" hits="396" branch="true" condition-coverage="50% (1/2)"><conditions><condition number="0" type="jump" coverage="50%"/></conditions></line><line number="37" hits="264" branch="false"/><line number="38" hits="132" branch="true" condition-coverage="50% (1/2)"><conditions><condition number="0" type="jump" coverage="50%"/></conditions></line><line number="40" hits="132" branch="true" condition-coverage="16% (3/18)"><conditions><condition number="0" type="jump" coverage="16%"/></conditions></line><line number="41" hits="132" branch="true" condition-coverage="16% (3/18)"><conditions><condition number="0" type="jump" coverage="16%"/></conditions></line><line number="42" hits="132" branch="false"/></lines></class></classes></package><package name="Components.AnalysisTools.PeriodEstimator.include" line-rate="0.8059701492537313" branch-rate="0.5384615384615384" complexity="0.0"><classes><class name="PeriodeEstimator_hpp" filename="Components/AnalysisTools/PeriodEstimator/include/PeriodeEstimator.hpp" line-rate="0.8059701492537313" branch-rate="0.5384615384615384" complexity="0.0"><methods/><lines><line number="61" hits="462" branch="false"/><line number="63" hits="462" branch="false"/><line number="67" hits="462" branch="true" condition-coverage="75% (3/4)"><conditions><condition number="0" type="jump" coverage="75%"/></conditions></line><line number="69" hits="132" branch="true" condition-coverage="50% (1/2)"><conditions><condition number="0" type="jump" coverage="50%"/></conditions></line><line number="70" hits="132" branch="true" condition-coverage="50% (1/2)"><conditions><condition number="0" type="jump" coverage="50%"/></conditions></line><line number="74" hits="330" branch="true" condition-coverage="50% (1/2)"><conditions><condition number="0" type="jump" coverage="50%"/></conditions></line><line number="76" hits="462" branch="false"/><line number="77" hits="462" branch="false"/><line number="87" hits="0" branch="false"/><line number="89" hits="0" branch="false"/><line number="90" hits="0" branch="false"/><line number="91" hits="0" branch="false"/><line number="92" hits="0" branch="true" condition-coverage="0% (0/2)"><conditions><condition number="0" type="jump" coverage="0%"/></conditions></line><line number="93" hits="0" branch="true" condition-coverage="0% (0/2)"><conditions><condition number="0" type="jump" coverage="0%"/></conditions></line><line number="94" hits="0" branch="true" condition-coverage="0% (0/2)"><conditions><condition number="0" type="jump" coverage="0%"/></conditions></line><line number="100" hits="264" branch="false"/><line number="102" hits="264" branch="false"/><line number="106" hits="0" branch="false"/><line number="108" hits="0" branch="true" condition-coverage="0% (0/2)"><conditions><condition number="0" type="jump" coverage="0%"/></conditions></line><line number="110" hits="0" branch="true" condition-coverage="0% (0/2)"><conditions><condition number="0" type="jump" coverage="0%"/></conditions></line><line number="111" hits="0" branch="false"/><line number="113" hits="0" branch="false"/><line number="115" hits="330" branch="false"/><line number="122" hits="330" branch="true" condition-coverage="100% (2/2)"><conditions><condition number="0" type="jump" coverage="100%"/></conditions></line><line number="124" hits="264" branch="false"/><line number="125" hits="264" branch="false"/><line number="127" hits="330" branch="false"/><line number="129" hits="462" branch="false"/><line number="131" hits="462" branch="true" condition-coverage="50% (1/2)"><conditions><condition number="0" type="jump" coverage="50%"/></conditions></line><line number="133" hits="462" branch="false"/><line number="134" hits="462" branch="false"/><line number="136" hits="462" branch="true" condition-coverage="100% (2/2)"><conditions><condition number="0" type="jump" coverage="100%"/></conditions></line><line number="138" hits="66" branch="false"/><line number="139" hits="66" branch="true" condition-coverage="50% (1/2)"><conditions><condition number="0" type="jump" coverage="50%"/></conditions></line><line number="140" hits="66" branch="false"/><line number="144" hits="396" branch="false"/><line number="146" hits="462" branch="false"/><line number="148" hits="462" branch="true" condition-coverage="75% (3/4)"><conditions><condition number="0" type="jump" coverage="75%"/></conditions></line><line number="149" hits="66" branch="true" condition-coverage="50% (1/2)"><conditions><condition number="0" type="jump" coverage="50%"/></conditions></line><line number="151" hits="66" branch="false"/><line number="153" hits="396" branch="true" condition-coverage="100% (4/4)"><conditions><condition number="0" type="jump" coverage="100%"/></conditions></line><line number="154" hits="198" branch="true" condition-coverage="50% (1/2)"><conditions><condition number="0" type="jump" coverage="50%"/></conditions></line><line number="156" hits="198" branch="false"/><line number="158" hits="198" branch="true" condition-coverage="75% (3/4)"><conditions><condition number="0" type="jump" coverage="75%"/></conditions></line><line number="159" hits="132" branch="true" condition-coverage="50% (1/2)"><conditions><condition number="0" type="jump" coverage="50%"/></conditions></line><line number="161" hits="132" branch="false"/><line number="163" hits="66" branch="true" condition-coverage="50% (2/4)"><conditions><condition number="0" type="jump" coverage="50%"/></conditions></line><line number="164" hits="66" branch="true" condition-coverage="50% (1/2)"><conditions><condition number="0" type="jump" coverage="50%"/></conditions></line><line number="166" hits="66" branch="false"/><line number="168" hits="0" branch="false"/><line number="188" hits="396" branch="false"/><line number="189" hits="396" branch="false"/><line number="190" hits="396" branch="false"/><line number="195" hits="330" branch="false"/><line number="197" hits="330" branch="false"/><line number="199" hits="462" branch="false"/><line number="201" hits="462" branch="false"/><line number="203" hits="396" branch="false"/><line number="205" hits="396" branch="false"/><line number="207" hits="264" branch="false"/><line number="209" hits="264" branch="false"/><line number="211" hits="396" branch="false"/><line number="213" hits="396" branch="false"/><line number="214" hits="396" branch="false"/><line number="215" hits="396" branch="false"/><line number="217" hits="396" branch="false"/><line number="218" hits="396" branch="false"/></lines></class></classes></package><package name="Components.AnalysisTools.PeriodEstimator.test" line-rate="1.0" branch-rate="0.0" complexity="0.0"><classes><class name="test_main_cpp" filename="Components/AnalysisTools/PeriodEstimator/test/test_main.cpp" line-rate="1.0" branch-rate="0.0" complexity="0.0"><methods/><lines><line number="6" hits="111" branch="false"/><line number="11" hits="111" branch="false"/><line number="25" hits="111" branch="false"/></lines></class></classes></package><package name="Components.AnalysisTools.PeriodEstimator.test.test" line-rate="1.0" branch-rate="0.5" complexity="0.0"><classes><class name="PeriodeEstimator_test_cpp" filename="Components/AnalysisTools/PeriodEstimator/test/test/PeriodeEstimator_test.cpp" line-rate="1.0" branch-rate="0.5" complexity="0.0"><methods/><lines><line number="19" hits="396" branch="false"/><line number="20" hits="396" branch="false"/><line number="21" hits="396" branch="false"/><line number="22" hits="396" branch="false"/><line number="23" hits="396" branch="false"/><line number="25" hits="396" branch="false"/><line number="30" hits="396" branch="true" condition-coverage="50% (1/2)"><conditions><condition number="0" type="jump" coverage="50%"/></conditions></line><line number="32" hits="264" branch="true" condition-coverage="50% (1/2)"><conditions><condition number="0" type="jump" coverage="50%"/></conditions></line><line number="33" hits="132" branch="true" condition-coverage="50% (2/4)"><conditions><condition number="0" type="jump" coverage="50%"/></conditions></line><line number="34" hits="132" branch="false"/><line number="45" hits="396" branch="true" condition-coverage="50% (1/2)"><conditions><condition number="0" type="jump" coverage="50%"/></conditions></line><line number="47" hits="132" branch="false"/><line number="48" hits="132" branch="true" condition-coverage="50% (1/2)"><conditions><condition number="0" type="jump" coverage="50%"/></conditions></line><line number="49" hits="132" branch="true" condition-coverage="50% (2/4)"><conditions><condition number="0" type="jump" coverage="50%"/></conditions></line><line number="50" hits="132" branch="false"/><line number="52" hits="396" branch="true" condition-coverage="50% (1/2)"><conditions><condition number="0" type="jump" coverage="50%"/></conditions></line><line number="54" hits="132" branch="false"/><line number="55" hits="132" branch="true" condition-coverage="50% (1/2)"><conditions><condition number="0" type="jump" coverage="50%"/></conditions></line><line number="56" hits="132" branch="true" condition-coverage="50% (2/4)"><conditions><condition number="0" type="jump" coverage="50%"/></conditions></line><line number="57" hits="132" branch="true" condition-coverage="50% (2/4)"><conditions><condition number="0" type="jump" coverage="50%"/></conditions></line><line number="58" hits="132" branch="true" condition-coverage="50% (2/4)"><conditions><condition number="0" type="jump" coverage="50%"/></conditions></line><line number="59" hits="132" branch="false"/><line number="61" hits="396" branch="true" condition-coverage="50% (1/2)"><conditions><condition number="0" type="jump" coverage="50%"/></conditions></line><line number="63" hits="132" branch="true" condition-coverage="50% (1/2)"><conditions><condition number="0" type="jump" coverage="50%"/></conditions></line><line number="65" hits="132" branch="true" condition-coverage="50% (1/2)"><conditions><condition number="0" type="jump" coverage="50%"/></conditions></line><line number="66" hits="132" branch="true" condition-coverage="50% (1/2)"><conditions><condition number="0" type="jump" coverage="50%"/></conditions></line><line number="67" hits="132" branch="true" condition-coverage="50% (1/2)"><conditions><condition number="0" type="jump" coverage="50%"/></conditions></line><line number="68" hits="132" branch="true" condition-coverage="50% (1/2)"><conditions><condition number="0" type="jump" coverage="50%"/></conditions></line><line number="69" hits="132" branch="false"/><line number="71" hits="396" branch="true" condition-coverage="50% (1/2)"><conditions><condition number="0" type="jump" coverage="50%"/></conditions></line><line number="73" hits="132" branch="true" condition-coverage="50% (1/2)"><conditions><condition number="0" type="jump" coverage="50%"/></conditions></line><line number="75" hits="132" branch="true" condition-coverage="50% (1/2)"><conditions><condition number="0" type="jump" coverage="50%"/></conditions></line><line number="76" hits="132" branch="true" condition-coverage="50% (1/2)"><conditions><condition number="0" type="jump" coverage="50%"/></conditions></line><line number="77" hits="132" branch="true" condition-coverage="50% (1/2)"><conditions><condition number="0" type="jump" coverage="50%"/></conditions></line><line number="78" hits="132" branch="true" condition-coverage="50% (1/2)"><conditions><condition number="0" type="jump" coverage="50%"/></conditions></line><line number="79" hits="132" branch="true" condition-coverage="50% (1/2)"><conditions><condition number="0" type="jump" coverage="50%"/></conditions></line><line number="80" hits="132" branch="false"/><line number="82" hits="396" branch="true" condition-coverage="50% (1/2)"><conditions><condition number="0" type="jump" coverage="50%"/></conditions></line><line number="84" hits="132" branch="true" condition-coverage="50% (1/2)"><conditions><condition number="0" type="jump" coverage="50%"/></conditions></line><line number="86" hits="132" branch="true" condition-coverage="50% (1/2)"><conditions><condition number="0" type="jump" coverage="50%"/></conditions></line><line number="87" hits="132" branch="true" condition-coverage="50% (1/2)"><conditions><condition number="0" type="jump" coverage="50%"/></conditions></line><line number="88" hits="132" branch="true" condition-coverage="50% (1/2)"><conditions><condition number="0" type="jump" coverage="50%"/></conditions></line><line number="89" hits="132" branch="true" condition-coverage="50% (1/2)"><conditions><condition number="0" type="jump" coverage="50%"/></conditions></line><line number="90" hits="132" branch="true" condition-coverage="50% (1/2)"><conditions><condition number="0" type="jump" coverage="50%"/></conditions></line><line number="91" hits="132" branch="true" condition-coverage="50% (1/2)"><conditions><condition number="0" type="jump" coverage="50%"/></conditions></line><line number="92" hits="132" branch="true" condition-coverage="50% (1/2)"><conditions><condition number="0" type="jump" coverage="50%"/></conditions></line><line number="93" hits="132" branch="false"/></lines></class></classes></package><package name="Components.Connector.WiFi_v2.include" line-rate="1.0" branch-rate="0.5" complexity="0.0"><classes><class name="WiFiBase_hpp" filename="Components/Connector/WiFi_v2/include/WiFiBase.hpp" line-rate="1.0" branch-rate="0.5" complexity="0.0"><methods/><lines><line number="54" hits="220" branch="true" condition-coverage="50% (2/4)"><conditions><condition number="0" type="jump" coverage="50%"/></conditions></line><line number="55" hits="440" branch="false"/></lines></class><class name="WiFi_SAL_esp32_hpp" filename="Components/Connector/WiFi_v2/include/WiFi_SAL_esp32.hpp" line-rate="1.0" branch-rate="0.5" complexity="0.0"><methods/><lines><line number="84" hits="66" branch="true" condition-coverage="50% (1/2)"><conditions><condition number="0" type="jump" coverage="50%"/></conditions></line></lines></class></classes></package><package name="Components.Connector.WiFi_v2.src" line-rate="0.40625" branch-rate="0.21428571428571427" complexity="0.0"><classes><class name="WiFi_SAL_esp32_cpp" filename="Components/Connector/WiFi_v2/src/WiFi_SAL_esp32.cpp" line-rate="0.40625" branch-rate="0.21428571428571427" complexity="0.0"><methods/><lines><line number="33" hits="44" branch="false"/><line number="34" hits="44" branch="false"/><line number="35" hits="44" branch="true" condition-coverage="50% (1/2)"><conditions><condition number="0" type="jump" coverage="50%"/></conditions></line><line number="47" hits="44" branch="false"/><line number="49" hits="88" branch="false"/><line number="50" hits="264" branch="false"/><line number="51" hits="88" branch="true" condition-coverage="50% (1/2)"><conditions><condition number="0" type="jump" coverage="50%"/></conditions></line><line number="63" hits="88" branch="false"/><line number="65" hits="264" branch="false"/><line number="67" hits="132" branch="false"/><line number="69" hits="132" branch="true" condition-coverage="25% (1/4)"><conditions><condition number="0" type="jump" coverage="25%"/></conditions></line><line number="71" hits="0" branch="false"/><line number="72" hits="0" branch="false"/><line number="74" hits="0" branch="false"/><line number="75" hits="0" branch="false"/><line number="76" hits="132" branch="false"/><line number="77" hits="132" branch="false"/><line number="79" hits="0" branch="false"/><line number="80" hits="0" branch="false"/><line number="84" hits="0" branch="false"/><line number="122" hits="0" branch="true" condition-coverage="0% (0/4)"><conditions><condition number="0" type="jump" coverage="0%"/></conditions></line><line number="124" hits="0" branch="false"/><line number="125" hits="0" branch="false"/><line number="127" hits="0" branch="true" condition-coverage="0% (0/2)"><conditions><condition number="0" type="jump" coverage="0%"/></conditions></line><line number="129" hits="0" branch="false"/><line number="137" hits="0" branch="false"/><line number="141" hits="0" branch="false"/><line number="142" hits="0" branch="false"/><line number="152" hits="0" branch="false"/><line number="163" hits="0" branch="false"/><line number="166" hits="0" branch="false"/><line number="169" hits="0" branch="false"/></lines></class></classes></package><package name="Components.Connector.WiFi_v2.test" line-rate="1.0" branch-rate="0.0" complexity="0.0"><classes><class name="test_main_cpp" filename="Components/Connector/WiFi_v2/test/test_main.cpp" line-rate="1.0" branch-rate="0.0" complexity="0.0"><methods/><lines><line number="6" hits="111" branch="false"/><line number="11" hits="111" branch="false"/><line number="25" hits="111" branch="false"/></lines></class></classes></package><package name="Components.Connector.WiFi_v2.test.test" line-rate="0.7647058823529411" branch-rate="0.5" complexity="0.0"><classes><class name="simple_test_cpp" filename="Components/Connector/WiFi_v2/test/test/simple_test.cpp" line-rate="0.7647058823529411" branch-rate="0.5" complexity="0.0"><methods/><lines><line number="21" hits="66" branch="true" condition-coverage="50% (3/6)"><conditions><condition number="0" type="jump" coverage="50%"/></conditions></line><line number="22" hits="132" branch="false"/><line number="23" hits="0" branch="false"/><line number="25" hits="0" branch="false"/><line number="27" hits="0" branch="false"/><line number="29" hits="0" branch="false"/><line number="33" hits="132" branch="false"/><line number="35" hits="264" branch="false"/><line number="38" hits="132" branch="false"/><line number="41" hits="396" branch="true" condition-coverage="50% (1/2)"><conditions><condition number="0" type="jump" coverage="50%"/></conditions></line><line number="43" hits="264" branch="true" condition-coverage="50% (1/2)"><conditions><condition number="0" type="jump" coverage="50%"/></conditions></line><line number="44" hits="132" branch="true" condition-coverage="50% (2/4)"><conditions><condition number="0" type="jump" coverage="50%"/></conditions></line><line number="45" hits="132" branch="false"/><line number="47" hits="396" branch="true" condition-coverage="50% (1/2)"><conditions><condition number="0" type="jump" coverage="50%"/></conditions></line><line number="49" hits="792" branch="true" condition-coverage="50% (3/6)"><conditions><condition number="0" type="jump" coverage="50%"/></conditions></line><line number="50" hits="132" branch="true" condition-coverage="50% (2/4)"><conditions><condition number="0" type="jump" coverage="50%"/></conditions></line><line number="51" hits="132" branch="false"/></lines></class></classes></package><package name="Components.Controller.DistanceSensorController.include" line-rate="1.0" branch-rate="0.5" complexity="0.0"><classes><class name="DistanceSensorController_hpp" filename="Components/Controller/DistanceSensorController/include/DistanceSensorController.hpp" line-rate="1.0" branch-rate="0.5" complexity="0.0"><methods/><lines><line number="61" hits="8" branch="false"/><line number="62" hits="8" branch="false"/><line number="63" hits="8" branch="false"/><line number="64" hits="8" branch="true" condition-coverage="50% (1/2)"><conditions><condition number="0" type="jump" coverage="50%"/></conditions></line><line number="65" hits="16" branch="false"/><line number="109" hits="6" branch="false"/><line number="110" hits="6" branch="false"/><line number="111" hits="6" branch="false"/><line number="112" hits="2" branch="false"/><line number="114" hits="2" branch="false"/><line number="115" hits="2" branch="false"/></lines></class></classes></package><package name="Components.Controller.DistanceSensorController.src" line-rate="0.0" branch-rate="0.0" complexity="0.0"><classes><class name="DistanceSensorController_cpp" filename="Components/Controller/DistanceSensorController/src/DistanceSensorController.cpp" line-rate="0.0" branch-rate="0.0" complexity="0.0"><methods/><lines><line number="29" hits="0" branch="false"/><line number="36" hits="0" branch="false"/><line number="37" hits="0" branch="true" condition-coverage="0% (0/2)"><conditions><condition number="0" type="jump" coverage="0%"/></conditions></line><line number="39" hits="0" branch="true" condition-coverage="0% (0/2)"><conditions><condition number="0" type="jump" coverage="0%"/></conditions></line><line number="40" hits="0" branch="false"/><line number="43" hits="0" branch="false"/><line number="48" hits="0" branch="false"/><line number="51" hits="0" branch="false"/><line number="57" hits="0" branch="true" condition-coverage="0% (0/2)"><conditions><condition number="0" type="jump" coverage="0%"/></conditions></line><line number="60" hits="0" branch="false"/><line number="62" hits="0" branch="true" condition-coverage="0% (0/2)"><conditions><condition number="0" type="jump" coverage="0%"/></conditions></line><line number="65" hits="0" branch="false"/><line number="69" hits="0" branch="false"/><line number="70" hits="0" branch="true" condition-coverage="0% (0/2)"><conditions><condition number="0" type="jump" coverage="0%"/></conditions></line><line number="72" hits="0" branch="false"/><line number="75" hits="0" branch="false"/><line number="80" hits="0" branch="false"/></lines></class></classes></package><package name="Components.Controller.DistanceSensorController.test" line-rate="1.0" branch-rate="0.0" complexity="0.0"><classes><class name="test_main_cpp" filename="Components/Controller/DistanceSensorController/test/test_main.cpp" line-rate="1.0" branch-rate="0.0" complexity="0.0"><methods/><lines><line number="6" hits="111" branch="false"/><line number="11" hits="111" branch="false"/><line number="25" hits="111" branch="false"/></lines></class></classes></package><package name="Components.Controller.DistanceSensorController.test.test" line-rate="1.0" branch-rate="0.5" complexity="0.0"><classes><class name="DistanceSensorController_test_cpp" filename="Components/Controller/DistanceSensorController/test/test/DistanceSensorController_test.cpp" line-rate="1.0" branch-rate="0.5" complexity="0.0"><methods/><lines><line number="41" hits="2" branch="false"/><line number="43" hits="2" branch="false"/><line number="44" hits="2" branch="false"/><line number="46" hits="2" branch="false"/><line number="51" hits="12" branch="true" condition-coverage="50% (1/2)"><conditions><condition number="0" type="jump" coverage="50%"/></conditions></line><line number="53" hits="4" branch="true" condition-coverage="50% (1/2)"><conditions><condition number="0" type="jump" coverage="50%"/></conditions></line><line number="54" hits="4" branch="false"/></lines></class></classes></package><package name="Components.Interfaces.ADCBase.include" line-rate="1.0" branch-rate="0.75" complexity="0.0"><classes><class name="ADCBase_hpp" filename="Components/Interfaces/ADCBase/include/ADCBase.hpp" line-rate="1.0" branch-rate="0.75" complexity="0.0"><methods/><lines><line number="81" hits="18" branch="false"/><line number="82" hits="18" branch="false"/><line number="83" hits="36" branch="false"/><line number="97" hits="6" branch="false"/><line number="99" hits="6" branch="true" condition-coverage="75% (3/4)"><conditions><condition number="0" type="jump" coverage="75%"/></conditions></line><line number="101" hits="4" branch="false"/><line number="103" hits="6" branch="false"/><line number="109" hits="8" branch="false"/><line number="111" hits="8" branch="false"/></lines></class></classes></package><package name="Components.Interfaces.ActuatorBase.include" line-rate="0.7" branch-rate="0.6666666666666666" complexity="0.0"><classes><class name="Actuator_Base_hpp" filename="Components/Interfaces/ActuatorBase/include/Actuator_Base.hpp" line-rate="0.7" branch-rate="0.6666666666666666" complexity="0.0"><methods/><lines><line number="80" hits="32" branch="true" condition-coverage="50% (2/4)"><conditions><condition number="0" type="jump" coverage="50%"/></conditions></line><line number="81" hits="64" branch="false"/><line number="86" hits="14" branch="false"/><line number="88" hits="14" branch="false"/><line number="89" hits="14" branch="true" condition-coverage="100% (2/2)"><conditions><condition number="0" type="jump" coverage="100%"/></conditions></line><line number="94" hits="194" branch="false"/><line number="96" hits="194" branch="false"/><line number="113" hits="0" branch="false"/><line number="115" hits="0" branch="false"/><line number="116" hits="0" branch="false"/></lines></class></classes></package><package name="Components.Interfaces.Camera.include" line-rate="1.0" branch-rate="0.0" complexity="0.0"><classes><class name="Camera_hpp" filename="Components/Interfaces/Camera/include/Camera.hpp" line-rate="1.0" branch-rate="0.0" complexity="0.0"><methods/><lines><line number="87" hits="44" branch="false"/><line number="88" hits="88" branch="false"/></lines></class></classes></package><package name="Components.Interfaces.ConnectorBase.include" line-rate="1.0" branch-rate="0.0" complexity="0.0"><classes><class name="ConnectorBase_hpp" filename="Components/Interfaces/ConnectorBase/include/ConnectorBase.hpp" line-rate="1.0" branch-rate="0.0" complexity="0.0"><methods/><lines><line number="53" hits="220" branch="false"/><line number="54" hits="440" branch="false"/></lines></class></classes></package><package name="Components.Interfaces.PWMBase.include" line-rate="1.0" branch-rate="0.5" complexity="0.0"><classes><class name="PWMBase_hpp" filename="Components/Interfaces/PWMBase/include/PWMBase.hpp" line-rate="1.0" branch-rate="0.5" complexity="0.0"><methods/><lines><line number="83" hits="42" branch="true" condition-coverage="50% (1/2)"><conditions><condition number="0" type="jump" coverage="50%"/></conditions></line><line number="84" hits="84" branch="false"/></lines></class></classes></package><package name="Components.Interfaces.ProtocolBase.include" line-rate="0.0" branch-rate="0.0" complexity="0.0"><classes><class name="ProtocolBase_hpp" filename="Components/Interfaces/ProtocolBase/include/ProtocolBase.hpp" line-rate="0.0" branch-rate="0.0" complexity="0.0"><methods/><lines><line number="78" hits="0" branch="false"/><line number="79" hits="0" branch="false"/></lines></class></classes></package><package name="Components.Interfaces.QueryBase.include" line-rate="0.85" branch-rate="0.2222222222222222" complexity="0.0"><classes><class name="QueryBase_hpp" filename="Components/Interfaces/QueryBase/include/QueryBase.hpp" line-rate="0.25" branch-rate="0.0" complexity="0.0"><methods/><lines><line number="60" hits="0" branch="false"/><line number="62" hits="0" branch="true" condition-coverage="0% (0/2)"><conditions><condition number="0" type="jump" coverage="0%"/></conditions></line><line number="64" hits="0" branch="false"/><line number="66" hits="132" branch="true" condition-coverage="0% (0/2)"><conditions><condition number="0" type="jump" coverage="0%"/></conditions></line></lines></class><class name="QueryMessageBase_hpp" filename="Components/Interfaces/QueryBase/include/QueryMessageBase.hpp" line-rate="1.0" branch-rate="0.4" complexity="0.0"><methods/><lines><line number="83" hits="726" branch="false"/><line number="84" hits="132" branch="false"/><line number="85" hits="132" branch="true" condition-coverage="50% (1/2)"><conditions><condition number="0" type="jump" coverage="50%"/></conditions></line><line number="87" hits="1584" branch="false"/><line number="89" hits="264" branch="false"/><line number="91" hits="264" branch="true" condition-coverage="33% (1/3)"><conditions><condition number="0" type="jump" coverage="33%"/></conditions></line><line number="92" hits="264" branch="false"/><line number="94" hits="264" branch="false"/><line number="96" hits="264" branch="false"/><line number="97" hits="264" branch="false"/><line number="99" hits="924" branch="false"/><line number="101" hits="924" branch="false"/><line number="104" hits="308" branch="false"/><line number="106" hits="308" branch="false"/><line number="109" hits="220" branch="false"/><line number="111" hits="220" branch="false"/></lines></class></classes></package><package name="Components.Interfaces.SensorControllerBase.include" line-rate="0.9166666666666666" branch-rate="0.5" complexity="0.0"><classes><class name="SensorControllerBase_hpp" filename="Components/Interfaces/SensorControllerBase/include/SensorControllerBase.hpp" line-rate="0.9166666666666666" branch-rate="0.5" complexity="0.0"><methods/><lines><line number="67" hits="10" branch="false"/><line number="68" hits="30" branch="false"/><line number="69" hits="10" branch="false"/><line number="70" hits="20" branch="true" condition-coverage="50% (6/12)"><conditions><condition number="0" type="jump" coverage="50%"/></conditions></line><line number="71" hits="20" branch="false"/><line number="73" hits="2" branch="false"/><line number="75" hits="2" branch="false"/><line number="77" hits="2" branch="false"/><line number="79" hits="2" branch="false"/><line number="81" hits="2" branch="false"/><line number="83" hits="4" branch="false"/><line number="85" hits="4" branch="false"/><line number="87" hits="4" branch="false"/><line number="89" hits="4" branch="false"/><line number="90" hits="4" branch="false"/><line number="93" hits="2" branch="false"/><line number="95" hits="2" branch="false"/><line number="96" hits="2" branch="false"/><line number="97" hits="2" branch="false"/><line number="101" hits="0" branch="false"/><line number="103" hits="0" branch="false"/><line number="114" hits="4" branch="false"/><line number="116" hits="4" branch="false"/><line number="117" hits="4" branch="false"/></lines></class></classes></package><package name="Components.Interfaces.SensorControllerBase.src" line-rate="0.0" branch-rate="0.0" complexity="0.0"><classes><class name="SensorControllerBase_cpp" filename="Components/Interfaces/SensorControllerBase/src/SensorControllerBase.cpp" line-rate="0.0" branch-rate="0.0" complexity="0.0"><methods/><lines><line number="29" hits="0" branch="false"/><line number="33" hits="0" branch="true" condition-coverage="0% (0/2)"><conditions><condition number="0" type="jump" coverage="0%"/></conditions></line><line number="34" hits="0" branch="true" condition-coverage="0% (0/2)"><conditions><condition number="0" type="jump" coverage="0%"/></conditions></line><line number="36" hits="0" branch="true" condition-coverage="0% (0/4)"><conditions><condition number="0" type="jump" coverage="0%"/></conditions></line><line number="39" hits="0" branch="true" condition-coverage="0% (0/2)"><conditions><condition number="0" type="jump" coverage="0%"/></conditions></line><line number="43" hits="0" branch="false"/><line number="45" hits="0" branch="true" condition-coverage="0% (0/2)"><conditions><condition number="0" type="jump" coverage="0%"/></conditions></line></lines></class></classes></package><package name="Components.Interfaces.SensorControllerBase.test" line-rate="1.0" branch-rate="0.0" complexity="0.0"><classes><class name="test_main_cpp" filename="Components/Interfaces/SensorControllerBase/test/test_main.cpp" line-rate="1.0" branch-rate="0.0" complexity="0.0"><methods/><lines><line number="6" hits="111" branch="false"/><line number="11" hits="111" branch="false"/><line number="25" hits="111" branch="false"/></lines></class></classes></package><package name="Components.Interfaces.SensorControllerBase.test.mock" line-rate="0.6" branch-rate="0.0" complexity="0.0"><classes><class name="SensorControllerBase_MOCK_cpp" filename="Components/Interfaces/SensorControllerBase/test/mock/SensorControllerBase_MOCK.cpp" line-rate="0.0" branch-rate="0.0" complexity="0.0"><methods/><lines><line number="29" hits="0" branch="false"/><line number="31" hits="0" branch="false"/></lines></class><class name="SensorControllerBase_MOCK_hpp" filename="Components/Interfaces/SensorControllerBase/test/mock/SensorControllerBase_MOCK.hpp" line-rate="1.0" branch-rate="0.0" complexity="0.0"><methods/><lines><line number="50" hits="2" branch="false"/><line number="51" hits="2" branch="false"/><line number="52" hits="4" branch="false"/></lines></class></classes></package><package name="Components.Interfaces.SensorControllerBase.test.test" line-rate="1.0" branch-rate="0.5" complexity="0.0"><classes><class name="SensorControllerTest_cpp" filename="Components/Interfaces/SensorControllerBase/test/test/SensorControllerTest.cpp" line-rate="1.0" branch-rate="0.5" complexity="0.0"><methods/><lines><line number="24" hits="2" branch="false"/><line number="26" hits="2" branch="false"/><line number="27" hits="2" branch="false"/><line number="29" hits="2" branch="false"/><line number="34" hits="12" branch="true" condition-coverage="50% (1/2)"><conditions><condition number="0" type="jump" coverage="50%"/></conditions></line><line number="36" hits="4" branch="false"/><line number="37" hits="4" branch="true" condition-coverage="50% (2/4)"><conditions><condition number="0" type="jump" coverage="50%"/></conditions></line><line number="40" hits="8" branch="true" condition-coverage="50% (1/2)"><conditions><condition number="0" type="jump" coverage="50%"/></conditions></line><line number="41" hits="4" branch="true" condition-coverage="50% (2/4)"><conditions><condition number="0" type="jump" coverage="50%"/></conditions></line><line number="42" hits="4" branch="false"/></lines></class></classes></package><package name="Components.Interfaces.ServiceBase.include" line-rate="0.4528301886792453" branch-rate="0.10869565217391304" complexity="0.0"><classes><class name="ServiceBase_hpp" filename="Components/Interfaces/ServiceBase/include/ServiceBase.hpp" line-rate="0.5384615384615384" branch-rate="0.3333333333333333" complexity="0.0"><methods/><lines><line number="74" hits="14" branch="false"/><line number="75" hits="28" branch="true" condition-coverage="50% (4/8)"><conditions><condition number="0" type="jump" coverage="50%"/></conditions></line><line number="76" hits="28" branch="false"/><line number="77" hits="8" branch="false"/><line number="79" hits="8" branch="false"/><line number="97" hits="0" branch="false"/><line number="99" hits="0" branch="false"/><line number="108" hits="0" branch="false"/><line number="111" hits="0" branch="true" condition-coverage="0% (0/2)"><conditions><condition number="0" type="jump" coverage="0%"/></conditions></line><line number="113" hits="0" branch="true" condition-coverage="0% (0/2)"><conditions><condition number="0" type="jump" coverage="0%"/></conditions></line><line number="117" hits="0" branch="false"/><line number="127" hits="2" branch="false"/><line number="129" hits="2" branch="false"/></lines></class><class name="ServiceQueueBase_hpp" filename="Components/Interfaces/ServiceBase/include/ServiceQueueBase.hpp" line-rate="0.44" branch-rate="0.05555555555555555" complexity="0.0"><methods/><lines><line number="56" hits="8" branch="false"/><line number="58" hits="8" branch="true" condition-coverage="50% (1/2)"><conditions><condition number="0" type="jump" coverage="50%"/></conditions></line><line number="59" hits="16" branch="false"/><line number="60" hits="2" branch="false"/><line number="62" hits="2" branch="false"/><line number="83" hits="0" branch="false"/><line number="85" hits="0" branch="false"/><line number="86" hits="0" branch="false"/><line number="89" hits="0" branch="true" condition-coverage="0% (0/4)"><conditions><condition number="0" type="jump" coverage="0%"/></conditions></line><line number="94" hits="0" branch="false"/><line number="96" hits="0" branch="true" condition-coverage="0% (0/2)"><conditions><condition number="0" type="jump" coverage="0%"/></conditions></line><line number="97" hits="0" branch="true" condition-coverage="0% (0/2)"><conditions><condition number="0" type="jump" coverage="0%"/></conditions></line><line number="99" hits="0" branch="true" condition-coverage="0% (0/2)"><conditions><condition number="0" type="jump" coverage="0%"/></conditions></line><line number="101" hits="0" branch="true" condition-coverage="0% (0/4)"><conditions><condition number="0" type="jump" coverage="0%"/></conditions></line><line number="105" hits="0" branch="true" condition-coverage="0% (0/2)"><conditions><condition number="0" type="jump" coverage="0%"/></conditions></line><line number="157" hits="4" branch="false"/><line number="159" hits="4" branch="false"/><line number="160" hits="8" branch="false"/><line number="172" hits="0" branch="false"/><line number="183" hits="0" branch="false"/><line number="190" hits="2" branch="false"/><line number="192" hits="2" branch="false"/><line number="193" hits="4" branch="false"/><line number="196" hits="0" branch="false"/><line number="207" hits="0" branch="false"/></lines></class><class name="ServiceTimeBase_hpp" filename="Components/Interfaces/ServiceBase/include/ServiceTimeBase.hpp" line-rate="0.4" branch-rate="0.0" complexity="0.0"><methods/><lines><line number="55" hits="6" branch="false"/><line number="56" hits="6" branch="false"/><line number="58" hits="12" branch="false"/><line number="78" hits="0" branch="true" condition-coverage="0% (0/2)"><conditions><condition number="0" type="jump" coverage="0%"/></conditions></line><line number="83" hits="0" branch="true" condition-coverage="0% (0/2)"><conditions><condition number="0" type="jump" coverage="0%"/></conditions></line><line number="84" hits="0" branch="true" condition-coverage="0% (0/2)"><conditions><condition number="0" type="jump" coverage="0%"/></conditions></line><line number="86" hits="0" branch="true" condition-coverage="0% (0/2)"><conditions><condition number="0" type="jump" coverage="0%"/></conditions></line><line number="88" hits="0" branch="true" condition-coverage="0% (0/4)"><conditions><condition number="0" type="jump" coverage="0%"/></conditions></line><line number="91" hits="0" branch="true" condition-coverage="0% (0/2)"><conditions><condition number="0" type="jump" coverage="0%"/></conditions></line><line number="105" hits="0" branch="true" condition-coverage="0% (0/2)"><conditions><condition number="0" type="jump" coverage="0%"/></conditions></line><line number="108" hits="4" branch="false"/><line number="109" hits="4" branch="false"/><line number="110" hits="8" branch="false"/><line number="113" hits="0" branch="false"/><line number="115" hits="0" branch="false"/></lines></class></classes></package><package name="Components.Interfaces.ServiceBase.test" line-rate="1.0" branch-rate="0.0" complexity="0.0"><classes><class name="test_main_cpp" filename="Components/Interfaces/ServiceBase/test/test_main.cpp" line-rate="1.0" branch-rate="0.0" complexity="0.0"><methods/><lines><line number="6" hits="111" branch="false"/><line number="11" hits="111" branch="false"/><line number="25" hits="111" branch="false"/></lines></class></classes></package><package name="Components.Interfaces.ServiceBase.test.test" line-rate="1.0" branch-rate="0.5" complexity="0.0"><classes><class name="Service_test_cpp" filename="Components/Interfaces/ServiceBase/test/test/Service_test.cpp" line-rate="1.0" branch-rate="0.5" complexity="0.0"><methods/><lines><line number="20" hits="4" branch="false"/><line number="22" hits="4" branch="false"/><line number="23" hits="4" branch="false"/><line number="25" hits="4" branch="false"/><line number="30" hits="12" branch="true" condition-coverage="50% (1/2)"><conditions><condition number="0" type="jump" coverage="50%"/></conditions></line><line number="32" hits="4" branch="true" condition-coverage="50% (1/2)"><conditions><condition number="0" type="jump" coverage="50%"/></conditions></line><line number="33" hits="4" branch="false"/><line number="36" hits="12" branch="true" condition-coverage="50% (1/2)"><conditions><condition number="0" type="jump" coverage="50%"/></conditions></line><line number="38" hits="4" branch="true" condition-coverage="50% (1/2)"><conditions><condition number="0" type="jump" coverage="50%"/></conditions></line><line number="39" hits="4" branch="false"/></lines></class></classes></package><package name="Components.Interfaces.WatchdogBase.include" line-rate="1.0" branch-rate="0.0" complexity="0.0"><classes><class name="Watchdog_Base_hpp" filename="Components/Interfaces/WatchdogBase/include/Watchdog_Base.hpp" line-rate="1.0" branch-rate="0.0" complexity="0.0"><methods/><lines><line number="84" hits="572" branch="false"/><line number="85" hits="1144" branch="false"/></lines></class></classes></package><package name="Components.Objects.ADC.src" line-rate="1.0" branch-rate="0.6666666666666666" complexity="0.0"><classes><class name="ADC_API_ESP32_cpp" filename="Components/Objects/ADC/src/ADC_API_ESP32.cpp" line-rate="1.0" branch-rate="0.6666666666666666" complexity="0.0"><methods/><lines><line number="36" hits="18" branch="true" condition-coverage="50% (1/2)"><conditions><condition number="0" type="jump" coverage="50%"/></conditions></line><line number="47" hits="18" branch="false"/><line number="49" hits="36" branch="false"/><line number="54" hits="2" branch="false"/><line number="56" hits="2" branch="false"/><line number="57" hits="130" branch="true" condition-coverage="100% (2/2)"><conditions><condition number="0" type="jump" coverage="100%"/></conditions></line><line number="64" hits="2" branch="true" condition-coverage="50% (1/2)"><conditions><condition number="0" type="jump" coverage="50%"/></conditions></line><line number="68" hits="2" branch="false"/></lines></class></classes></package><package name="Components.Objects.ADC.test" line-rate="1.0" branch-rate="0.0" complexity="0.0"><classes><class name="test_main_cpp" filename="Components/Objects/ADC/test/test_main.cpp" line-rate="1.0" branch-rate="0.0" complexity="0.0"><methods/><lines><line number="6" hits="111" branch="false"/><line number="11" hits="111" branch="false"/><line number="25" hits="111" branch="false"/></lines></class></classes></package><package name="Components.Objects.ADC.test.test" line-rate="1.0" branch-rate="0.5" complexity="0.0"><classes><class name="ADC_test_cpp" filename="Components/Objects/ADC/test/test/ADC_test.cpp" line-rate="1.0" branch-rate="0.5" complexity="0.0"><methods/><lines><line number="18" hits="10" branch="false"/><line number="19" hits="10" branch="false"/><line number="22" hits="10" branch="false"/><line number="26" hits="12" branch="true" condition-coverage="50% (1/2)"><conditions><condition number="0" type="jump" coverage="50%"/></conditions></line><line number="28" hits="4" branch="true" condition-coverage="50% (2/4)"><conditions><condition number="0" type="jump" coverage="50%"/></conditions></line><line number="29" hits="4" branch="false"/><line number="32" hits="12" branch="true" condition-coverage="50% (1/2)"><conditions><condition number="0" type="jump" coverage="50%"/></conditions></line><line number="34" hits="4" branch="true" condition-coverage="50% (1/2)"><conditions><condition number="0" type="jump" coverage="50%"/></conditions></line><line number="35" hits="4" branch="false"/><line number="38" hits="12" branch="true" condition-coverage="50% (1/2)"><conditions><condition number="0" type="jump" coverage="50%"/></conditions></line><line number="40" hits="4" branch="false"/><line number="42" hits="4" branch="true" condition-coverage="50% (1/2)"><conditions><condition number="0" type="jump" coverage="50%"/></conditions></line><line number="43" hits="4" branch="false"/><line number="46" hits="12" branch="true" condition-coverage="50% (1/2)"><conditions><condition number="0" type="jump" coverage="50%"/></conditions></line><line number="48" hits="4" branch="false"/><line number="50" hits="4" branch="true" condition-coverage="50% (1/2)"><conditions><condition number="0" type="jump" coverage="50%"/></conditions></line><line number="51" hits="4" branch="false"/><line number="53" hits="12" branch="true" condition-coverage="50% (1/2)"><conditions><condition number="0" type="jump" coverage="50%"/></conditions></line><line number="55" hits="4" branch="false"/><line number="57" hits="4" branch="true" condition-coverage="50% (1/2)"><conditions><condition number="0" type="jump" coverage="50%"/></conditions></line><line number="58" hits="4" branch="false"/></lines></class></classes></package><package name="Components.Objects.DataBroker.include" line-rate="1.0" branch-rate="0.5" complexity="0.0"><classes><class name="DataBroker_hpp" filename="Components/Objects/DataBroker/include/DataBroker.hpp" line-rate="1.0" branch-rate="0.5" complexity="0.0"><methods/><lines><line number="59" hits="8" branch="false"/><line number="60" hits="16" branch="true" condition-coverage="50% (2/4)"><conditions><condition number="0" type="jump" coverage="50%"/></conditions></line><line number="61" hits="16" branch="false"/><line number="84" hits="6" branch="false"/><line number="85" hits="6" branch="false"/><line number="86" hits="4" branch="false"/><line number="88" hits="4" branch="false"/></lines></class></classes></package><package name="Components.Objects.DataBroker.src" line-rate="0.84" branch-rate="0.6" complexity="0.0"><classes><class name="DataBroker_cpp
[...]
ch="true" condition-coverage="0% (0/2)"><conditions><condition number="0" type="jump" coverage="0%"/></conditions></line><line number="797" hits="0" branch="false"/><line number="799" hits="0" branch="true" condition-coverage="0% (0/2)"><conditions><condition number="0" type="jump" coverage="0%"/></conditions></line><line number="801" hits="0" branch="false"/><line number="802" hits="0" branch="false"/><line number="803" hits="0" branch="false"/><line number="806" hits="0" branch="true" condition-coverage="0% (0/2)"><conditions><condition number="0" type="jump" coverage="0%"/></conditions></line><line number="808" hits="0" branch="false"/><line number="810" hits="0" branch="false"/><line number="811" hits="0" branch="false"/><line number="812" hits="0" branch="false"/><line number="813" hits="0" branch="false"/><line number="814" hits="0" branch="false"/><line number="815" hits="0" branch="false"/><line number="816" hits="0" branch="false"/><line number="817" hits="0" branch="false"/><line number="819" hits="0" branch="false"/><line number="821" hits="0" branch="false"/><line number="823" hits="0" branch="false"/><line number="825" hits="0" branch="false"/><line number="829" hits="0" branch="false"/><line number="830" hits="0" branch="false"/><line number="831" hits="0" branch="false"/><line number="832" hits="0" branch="false"/><line number="833" hits="0" branch="false"/><line number="834" hits="0" branch="false"/><line number="835" hits="0" branch="false"/><line number="838" hits="0" branch="false"/><line number="839" hits="0" branch="false"/><line number="840" hits="0" branch="false"/><line number="841" hits="0" branch="false"/><line number="842" hits="0" branch="false"/><line number="843" hits="0" branch="false"/><line number="845" hits="0" branch="false"/><line number="848" hits="0" branch="false"/><line number="850" hits="0" branch="true" condition-coverage="0% (0/2)"><conditions><condition number="0" type="jump" coverage="0%"/></conditions></line><line number="852" hits="0" branch="true" condition-coverage="0% (0/2)"><conditions><condition number="0" type="jump" coverage="0%"/></conditions></line><line number="854" hits="0" branch="true" condition-coverage="0% (0/2)"><conditions><condition number="0" type="jump" coverage="0%"/></conditions></line><line number="856" hits="0" branch="false"/><line number="859" hits="0" branch="false"/><line number="862" hits="0" branch="false"/><line number="863" hits="0" branch="false"/><line number="864" hits="0" branch="false"/><line number="865" hits="0" branch="true" condition-coverage="0% (0/4)"><conditions><condition number="0" type="jump" coverage="0%"/></conditions></line><line number="866" hits="0" branch="false"/><line number="867" hits="0" branch="false"/><line number="870" hits="0" branch="false"/><line number="872" hits="0" branch="false"/><line number="873" hits="0" branch="false"/><line number="874" hits="0" branch="false"/><line number="877" hits="0" branch="false"/><line number="879" hits="0" branch="false"/><line number="882" hits="0" branch="false"/><line number="884" hits="0" branch="false"/><line number="887" hits="0" branch="false"/><line number="890" hits="0" branch="false"/><line number="891" hits="0" branch="true" condition-coverage="0% (0/6)"><conditions><condition number="0" type="jump" coverage="0%"/></conditions></line><line number="892" hits="0" branch="true" condition-coverage="0% (0/8)"><conditions><condition number="0" type="jump" coverage="0%"/></conditions></line><line number="893" hits="0" branch="true" condition-coverage="0% (0/2)"><conditions><condition number="0" type="jump" coverage="0%"/></conditions></line><line number="894" hits="0" branch="false"/><line number="895" hits="0" branch="false"/><line number="896" hits="0" branch="false"/><line number="897" hits="0" branch="false"/><line number="900" hits="0" branch="false"/><line number="902" hits="0" branch="false"/><line number="903" hits="0" branch="false"/><line number="906" hits="0" branch="false"/><line number="908" hits="0" branch="true" condition-coverage="0% (0/4)"><conditions><condition number="0" type="jump" coverage="0%"/></conditions></line><line number="910" hits="0" branch="false"/><line number="912" hits="0" branch="true" condition-coverage="0% (0/2)"><conditions><condition number="0" type="jump" coverage="0%"/></conditions></line><line number="914" hits="0" branch="true" condition-coverage="0% (0/2)"><conditions><condition number="0" type="jump" coverage="0%"/></conditions></line><line number="916" hits="0" branch="true" condition-coverage="0% (0/2)"><conditions><condition number="0" type="jump" coverage="0%"/></conditions></line><line number="918" hits="0" branch="false"/><line number="923" hits="0" branch="false"/><line number="926" hits="0" branch="false"/></lines></class></classes></package><package name="Components.User.DogFeederDoor.src" line-rate="0.0" branch-rate="0.0" complexity="0.0"><classes><class name="DogFeederDoor_cpp" filename="Components/User/DogFeederDoor/src/DogFeederDoor.cpp" line-rate="0.0" branch-rate="0.0" complexity="0.0"><methods/><lines><line number="36" hits="0" branch="false"/><line number="38" hits="0" branch="false"/><line number="40" hits="0" branch="false"/><line number="42" hits="0" branch="false"/><line number="45" hits="0" branch="false"/><line number="47" hits="0" branch="false"/></lines></class></classes></package><package name="Components.User.DogFeederDoor.test" line-rate="1.0" branch-rate="0.0" complexity="0.0"><classes><class name="test_main_cpp" filename="Components/User/DogFeederDoor/test/test_main.cpp" line-rate="1.0" branch-rate="0.0" complexity="0.0"><methods/><lines><line number="6" hits="111" branch="false"/><line number="11" hits="111" branch="false"/><line number="25" hits="111" branch="false"/></lines></class></classes></package><package name="Components.User.DogFeederDoor.test.test" line-rate="1.0" branch-rate="0.5" complexity="0.0"><classes><class name="00_TEMPLATE_cpp" filename="Components/User/DogFeederDoor/test/test/00_TEMPLATE.cpp" line-rate="1.0" branch-rate="0.5" complexity="0.0"><methods/><lines><line number="17" hits="111" branch="false"/><line number="19" hits="111" branch="false"/><line number="20" hits="111" branch="false"/><line number="22" hits="111" branch="false"/><line number="27" hits="666" branch="true" condition-coverage="50% (1/2)"><conditions><condition number="0" type="jump" coverage="50%"/></conditions></line><line number="29" hits="222" branch="true" condition-coverage="50% (1/2)"><conditions><condition number="0" type="jump" coverage="50%"/></conditions></line><line number="30" hits="222" branch="false"/></lines></class></classes></package><package name="Components.Utility.Ping.include" line-rate="1.0" branch-rate="0.5" complexity="0.0"><classes><class name="Ping_API_hpp" filename="Components/Utility/Ping/include/Ping_API.hpp" line-rate="1.0" branch-rate="0.5" complexity="0.0"><methods/><lines><line number="54" hits="66" branch="false"/><line number="56" hits="66" branch="true" condition-coverage="50% (2/4)"><conditions><condition number="0" type="jump" coverage="50%"/></conditions></line><line number="57" hits="66" branch="false"/></lines></class></classes></package><package name="Components.Utility.Ping.test" line-rate="1.0" branch-rate="0.0" complexity="0.0"><classes><class name="test_main_cpp" filename="Components/Utility/Ping/test/test_main.cpp" line-rate="1.0" branch-rate="0.0" complexity="0.0"><methods/><lines><line number="6" hits="111" branch="false"/><line number="11" hits="111" branch="false"/><line number="25" hits="111" branch="false"/></lines></class></classes></package><package name="Components.Utility.Ping.test.test" line-rate="1.0" branch-rate="0.5" complexity="0.0"><classes><class name="simple_test_cpp" filename="Components/Utility/Ping/test/test/simple_test.cpp" line-rate="1.0" branch-rate="0.5" complexity="0.0"><methods/><lines><line number="17" hits="66" branch="false"/><line number="19" hits="66" branch="false"/><line number="20" hits="66" branch="false"/><line number="24" hits="66" branch="false"/><line number="26" hits="132" branch="false"/><line number="29" hits="66" branch="false"/><line number="32" hits="396" branch="true" condition-coverage="50% (1/2)"><conditions><condition number="0" type="jump" coverage="50%"/></conditions></line><line number="34" hits="132" branch="true" condition-coverage="50% (3/6)"><conditions><condition number="0" type="jump" coverage="50%"/></conditions></line><line number="35" hits="132" branch="false"/></lines></class></classes></package><package name="Components.Utility.utils.src" line-rate="0.2702702702702703" branch-rate="0.12162162162162163" complexity="0.0"><classes><class name="utils_cpp" filename="Components/Utility/utils/src/utils.cpp" line-rate="0.2702702702702703" branch-rate="0.12162162162162163" complexity="0.0"><methods/><lines><line number="13" hits="0" branch="false"/><line number="15" hits="0" branch="true" condition-coverage="0% (0/2)"><conditions><condition number="0" type="jump" coverage="0%"/></conditions></line><line number="17" hits="0" branch="false"/><line number="19" hits="0" branch="false"/><line number="20" hits="0" branch="false"/><line number="21" hits="0" branch="true" condition-coverage="0% (0/2)"><conditions><condition number="0" type="jump" coverage="0%"/></conditions></line><line number="23" hits="0" branch="true" condition-coverage="0% (0/2)"><conditions><condition number="0" type="jump" coverage="0%"/></conditions></line><line number="24" hits="0" branch="false"/><line number="25" hits="0" branch="false"/><line number="27" hits="0" branch="true" condition-coverage="0% (0/2)"><conditions><condition number="0" type="jump" coverage="0%"/></conditions></line><line number="28" hits="0" branch="true" condition-coverage="0% (0/2)"><conditions><condition number="0" type="jump" coverage="0%"/></conditions></line><line number="32" hits="44" branch="false"/><line number="34" hits="44" branch="false"/><line number="35" hits="44" branch="true" condition-coverage="50% (1/2)"><conditions><condition number="0" type="jump" coverage="50%"/></conditions></line><line number="37" hits="0" branch="false"/><line number="39" hits="44" branch="false"/><line number="40" hits="44" branch="false"/><line number="41" hits="132" branch="true" condition-coverage="100% (2/2)"><conditions><condition number="0" type="jump" coverage="100%"/></conditions></line><line number="43" hits="88" branch="true" condition-coverage="50% (2/4)"><conditions><condition number="0" type="jump" coverage="50%"/></conditions></line><line number="44" hits="88" branch="false"/><line number="45" hits="88" branch="false"/><line number="47" hits="88" branch="true" condition-coverage="100% (2/2)"><conditions><condition number="0" type="jump" coverage="100%"/></conditions></line><line number="48" hits="44" branch="true" condition-coverage="50% (2/4)"><conditions><condition number="0" type="jump" coverage="50%"/></conditions></line><line number="50" hits="44" branch="false"/><line number="52" hits="0" branch="false"/><line number="54" hits="0" branch="true" condition-coverage="0% (0/2)"><conditions><condition number="0" type="jump" coverage="0%"/></conditions></line><line number="57" hits="0" branch="true" condition-coverage="0% (0/2)"><conditions><condition number="0" type="jump" coverage="0%"/></conditions></line><line number="61" hits="0" branch="true" condition-coverage="0% (0/2)"><conditions><condition number="0" type="jump" coverage="0%"/></conditions></line><line number="64" hits="0" branch="false"/><line number="66" hits="0" branch="true" condition-coverage="0% (0/2)"><conditions><condition number="0" type="jump" coverage="0%"/></conditions></line><line number="69" hits="0" branch="true" condition-coverage="0% (0/2)"><conditions><condition number="0" type="jump" coverage="0%"/></conditions></line><line number="73" hits="0" branch="true" condition-coverage="0% (0/2)"><conditions><condition number="0" type="jump" coverage="0%"/></conditions></line><line number="76" hits="0" branch="false"/><line number="78" hits="0" branch="true" condition-coverage="0% (0/2)"><conditions><condition number="0" type="jump" coverage="0%"/></conditions></line><line number="81" hits="0" branch="true" condition-coverage="0% (0/2)"><conditions><condition number="0" type="jump" coverage="0%"/></conditions></line><line number="85" hits="0" branch="true" condition-coverage="0% (0/2)"><conditions><condition number="0" type="jump" coverage="0%"/></conditions></line><line number="88" hits="0" branch="false"/><line number="90" hits="0" branch="true" condition-coverage="0% (0/2)"><conditions><condition number="0" type="jump" coverage="0%"/></conditions></line><line number="93" hits="0" branch="true" condition-coverage="0% (0/6)"><conditions><condition number="0" type="jump" coverage="0%"/></conditions></line><line number="96" hits="0" branch="true" condition-coverage="0% (0/2)"><conditions><condition number="0" type="jump" coverage="0%"/></conditions></line><line number="99" hits="0" branch="false"/><line number="101" hits="0" branch="true" condition-coverage="0% (0/2)"><conditions><condition number="0" type="jump" coverage="0%"/></conditions></line><line number="104" hits="0" branch="true" condition-coverage="0% (0/6)"><conditions><condition number="0" type="jump" coverage="0%"/></conditions></line><line number="107" hits="0" branch="true" condition-coverage="0% (0/2)"><conditions><condition number="0" type="jump" coverage="0%"/></conditions></line><line number="110" hits="0" branch="false"/><line number="112" hits="0" branch="true" condition-coverage="0% (0/2)"><conditions><condition number="0" type="jump" coverage="0%"/></conditions></line><line number="115" hits="0" branch="true" condition-coverage="0% (0/2)"><conditions><condition number="0" type="jump" coverage="0%"/></conditions></line><line number="118" hits="0" branch="true" condition-coverage="0% (0/2)"><conditions><condition number="0" type="jump" coverage="0%"/></conditions></line><line number="127" hits="0" branch="false"/><line number="129" hits="0" branch="false"/><line number="133" hits="0" branch="true" condition-coverage="0% (0/2)"><conditions><condition number="0" type="jump" coverage="0%"/></conditions></line><line number="135" hits="0" branch="true" condition-coverage="0% (0/2)"><conditions><condition number="0" type="jump" coverage="0%"/></conditions></line><line number="137" hits="0" branch="false"/><line number="138" hits="0" branch="false"/><line number="141" hits="0" branch="false"/><line number="144" hits="0" branch="false"/><line number="147" hits="0" branch="false"/><line number="156" hits="0" branch="false"/><line number="158" hits="0" branch="false"/><line number="161" hits="0" branch="false"/><line number="163" hits="0" branch="false"/><line number="166" hits="88" branch="false"/><line number="169" hits="88" branch="false"/><line number="172" hits="44" branch="false"/><line number="180" hits="44" branch="false"/><line number="181" hits="44" branch="false"/><line number="182" hits="44" branch="false"/><line number="183" hits="44" branch="false"/><line number="189" hits="44" branch="false"/><line number="193" hits="0" branch="false"/><line number="195" hits="0" branch="true" condition-coverage="0% (0/2)"><conditions><condition number="0" type="jump" coverage="0%"/></conditions></line><line number="197" hits="0" branch="false"/><line number="198" hits="0" branch="false"/><line number="200" hits="0" branch="false"/></lines></class></classes></package><package name="Components.Utility.utils.test" line-rate="1.0" branch-rate="0.0" complexity="0.0"><classes><class name="test_main_cpp" filename="Components/Utility/utils/test/test_main.cpp" line-rate="1.0" branch-rate="0.0" complexity="0.0"><methods/><lines><line number="6" hits="111" branch="false"/><line number="11" hits="111" branch="false"/><line number="25" hits="111" branch="false"/></lines></class></classes></package><package name="Components.Utility.utils.test.test" line-rate="1.0" branch-rate="0.4230769230769231" complexity="0.0"><classes><class name="utils_test_cpp" filename="Components/Utility/utils/test/test/utils_test.cpp" line-rate="1.0" branch-rate="0.4230769230769231" complexity="0.0"><methods/><lines><line number="13" hits="198" branch="false"/><line number="15" hits="396" branch="false"/><line number="18" hits="198" branch="false"/><line number="20" hits="396" branch="true" condition-coverage="50% (1/2)"><conditions><condition number="0" type="jump" coverage="50%"/></conditions></line><line number="22" hits="132" branch="false"/><line number="24" hits="132" branch="false"/><line number="25" hits="132" branch="false"/><line number="26" hits="132" branch="false"/><line number="27" hits="132" branch="false"/><line number="29" hits="132" branch="false"/><line number="30" hits="132" branch="true" condition-coverage="50% (1/2)"><conditions><condition number="0" type="jump" coverage="50%"/></conditions></line><line number="32" hits="132" branch="false"/><line number="33" hits="132" branch="true" condition-coverage="50% (1/2)"><conditions><condition number="0" type="jump" coverage="50%"/></conditions></line><line number="34" hits="132" branch="true" condition-coverage="16% (3/18)"><conditions><condition number="0" type="jump" coverage="16%"/></conditions></line><line number="36" hits="132" branch="true" condition-coverage="50% (2/4)"><conditions><condition number="0" type="jump" coverage="50%"/></conditions></line><line number="37" hits="132" branch="true" condition-coverage="50% (2/4)"><conditions><condition number="0" type="jump" coverage="50%"/></conditions></line><line number="38" hits="132" branch="true" condition-coverage="50% (2/4)"><conditions><condition number="0" type="jump" coverage="50%"/></conditions></line><line number="39" hits="132" branch="true" condition-coverage="50% (2/4)"><conditions><condition number="0" type="jump" coverage="50%"/></conditions></line><line number="40" hits="132" branch="false"/><line number="42" hits="396" branch="true" condition-coverage="50% (1/2)"><conditions><condition number="0" type="jump" coverage="50%"/></conditions></line><line number="44" hits="132" branch="false"/><line number="46" hits="132" branch="false"/><line number="47" hits="132" branch="false"/><line number="48" hits="132" branch="false"/><line number="49" hits="132" branch="false"/><line number="51" hits="132" branch="false"/><line number="52" hits="132" branch="true" condition-coverage="50% (1/2)"><conditions><condition number="0" type="jump" coverage="50%"/></conditions></line><line number="53" hits="132" branch="true" condition-coverage="50% (2/4)"><conditions><condition number="0" type="jump" coverage="50%"/></conditions></line><line number="54" hits="132" branch="false"/><line number="56" hits="396" branch="true" condition-coverage="50% (1/2)"><conditions><condition number="0" type="jump" coverage="50%"/></conditions></line><line number="58" hits="396" branch="true" condition-coverage="50% (1/2)"><conditions><condition number="0" type="jump" coverage="50%"/></conditions></line><line number="60" hits="528" branch="true" condition-coverage="50% (2/4)"><conditions><condition number="0" type="jump" coverage="50%"/></conditions></line><line number="61" hits="132" branch="true" condition-coverage="50% (2/4)"><conditions><condition number="0" type="jump" coverage="50%"/></conditions></line><line number="63" hits="132" branch="true" condition-coverage="50% (3/6)"><conditions><condition number="0" type="jump" coverage="50%"/></conditions></line><line number="64" hits="132" branch="true" condition-coverage="50% (3/6)"><conditions><condition number="0" type="jump" coverage="50%"/></conditions></line><line number="65" hits="132" branch="true" condition-coverage="50% (3/6)"><conditions><condition number="0" type="jump" coverage="50%"/></conditions></line><line number="66" hits="132" branch="false"/></lines></class></classes></package></packages></coverage>