<?xml version='1.0' encoding='UTF-8'?>
<!DOCTYPE coverage SYSTEM 'http://cobertura.sourceforge.net/xml/coverage-04.dtd'>
<coverage line-rate="0.6873088685015291" branch-rate="0.2682486458602012" lines-covered="1798" lines-valid="2616" branches-covered="1040" branches-valid="3877" complexity="0.0" timestamp="1652517552" version="gcovr 4.2"><sources><source>/home/nikolaj/Project/Embedded_CPP_Library</source></sources><packages><package name="Components.Actuator.ServoMotor.include" line-rate="1.0" branch-rate="0.0" complexity="0.0"><classes><class name="MG996R_hpp" filename="Components/Actuator/ServoMotor/include/MG996R.hpp" line-rate="1.0" branch-rate="0.0" complexity="0.0"><methods/><lines><line number="149" hits="1520" branch="false"/><line number="151" hits="1520" branch="false"/><line number="152" hits="3515" branch="false"/><line number="154" hits="3515" branch="false"/><line number="156" hits="2090" branch="false"/><line number="158" hits="2090" branch="false"/><line number="160" hits="855" branch="false"/><line number="162" hits="855" branch="false"/><line number="164" hits="285" branch="false"/><line number="166" hits="285" branch="false"/></lines></class></classes></package><package name="Components.Actuator.ServoMotor.src" line-rate="0.49019607843137253" branch-rate="0.16666666666666666" complexity="0.0"><classes><class name="MG996R_cpp" filename="Components/Actuator/ServoMotor/src/MG996R.cpp" line-rate="0.49019607843137253" branch-rate="0.16666666666666666" complexity="0.0"><methods/><lines><line number="40" hits="288" branch="false"/><line number="41" hits="288" branch="true" condition-coverage="50% (2/4)"><conditions><condition number="0" type="jump" coverage="50%"/></conditions></line><line number="45" hits="288" branch="false"/><line number="46" hits="288" branch="false"/><line number="47" hits="288" branch="false"/><line number="49" hits="576" branch="false"/><line number="51" hits="792" branch="false"/><line number="57" hits="792" branch="true" condition-coverage="100% (2/2)"><conditions><condition number="0" type="jump" coverage="100%"/></conditions></line><line number="59" hits="54" branch="false"/><line number="60" hits="54" branch="false"/><line number="62" hits="738" branch="true" condition-coverage="100% (2/2)"><conditions><condition number="0" type="jump" coverage="100%"/></conditions></line><line number="64" hits="252" branch="false"/><line number="65" hits="252" branch="false"/><line number="67" hits="486" branch="true" condition-coverage="50% (1/2)"><conditions><condition number="0" type="jump" coverage="50%"/></conditions></line><line number="69" hits="0" branch="false"/><line number="72" hits="486" branch="false"/><line number="77" hits="486" branch="false"/><line number="80" hits="504" branch="false"/><line number="86" hits="504" branch="false"/><line number="87" hits="504" branch="true" condition-coverage="50% (1/2)"><conditions><condition number="0" type="jump" coverage="50%"/></conditions></line><line number="89" hits="0" branch="true" condition-coverage="0% (0/6)"><conditions><condition number="0" type="jump" coverage="0%"/></conditions></line><line number="90" hits="0" branch="true" condition-coverage="0% (0/2)"><conditions><condition number="0" type="jump" coverage="0%"/></conditions></line><line number="91" hits="0" branch="false"/><line number="94" hits="504" branch="false"/><line number="100" hits="504" branch="false"/><line number="103" hits="36" branch="false"/><line number="105" hits="36" branch="false"/><line number="108" hits="54" branch="false"/><line number="110" hits="54" branch="false"/><line number="113" hits="0" branch="false"/><line number="115" hits="0" branch="false"/><line number="116" hits="0" branch="false"/><line number="118" hits="0" branch="false"/><line number="119" hits="0" branch="true" condition-coverage="0% (0/2)"><conditions><condition number="0" type="jump" coverage="0%"/></conditions></line><line number="120" hits="0" branch="true" condition-coverage="0% (0/2)"><conditions><condition number="0" type="jump" coverage="0%"/></conditions></line><line number="122" hits="0" branch="false"/><line number="124" hits="0" branch="true" condition-coverage="0% (0/2)"><conditions><condition number="0" type="jump" coverage="0%"/></conditions></line><line number="125" hits="0" branch="true" condition-coverage="0% (0/2)"><conditions><condition number="0" type="jump" coverage="0%"/></conditions></line><line number="126" hits="0" branch="true" condition-coverage="0% (0/6)"><conditions><condition number="0" type="jump" coverage="0%"/></conditions></line><line number="127" hits="0" branch="false"/><line number="130" hits="0" branch="false"/><line number="132" hits="0" branch="false"/><line number="133" hits="0" branch="false"/><line number="135" hits="0" branch="false"/><line number="136" hits="0" branch="true" condition-coverage="0% (0/2)"><conditions><condition number="0" type="jump" coverage="0%"/></conditions></line><line number="137" hits="0" branch="true" condition-coverage="0% (0/2)"><conditions><condition number="0" type="jump" coverage="0%"/></conditions></line><line number="139" hits="0" branch="false"/><line number="141" hits="0" branch="true" condition-coverage="0% (0/2)"><conditions><condition number="0" type="jump" coverage="0%"/></conditions></line><line number="142" hits="0" branch="true" condition-coverage="0% (0/2)"><conditions><condition number="0" type="jump" coverage="0%"/></conditions></line><line number="143" hits="0" branch="true" condition-coverage="0% (0/6)"><conditions><condition number="0" type="jump" coverage="0%"/></conditions></line><line number="144" hits="0" branch="false"/></lines></class></classes></package><package name="Components.Actuator.ServoMotor.test" line-rate="1.0" branch-rate="0.0" complexity="0.0"><classes><class name="test_main_cpp" filename="Components/Actuator/ServoMotor/test/test_main.cpp" line-rate="1.0" branch-rate="0.0" complexity="0.0"><methods/><lines><line number="6" hits="95" branch="false"/><line number="11" hits="95" branch="false"/><line number="25" hits="95" branch="false"/></lines></class></classes></package><package name="Components.Actuator.ServoMotor.test.test" line-rate="0.9782608695652174" branch-rate="0.26" complexity="0.0"><classes><class name="servo_test_cpp" filename="Components/Actuator/ServoMotor/test/test/servo_test.cpp" line-rate="0.9782608695652174" branch-rate="0.26" complexity="0.0"><methods/><lines><line number="28" hits="1140" branch="false"/><line number="29" hits="1140" branch="false"/><line number="32" hits="1140" branch="true" condition-coverage="50% (1/2)"><conditions><condition number="0" type="jump" coverage="50%"/></conditions></line><line number="33" hits="1140" branch="false"/><line number="37" hits="570" branch="true" condition-coverage="50% (1/2)"><conditions><condition number="0" type="jump" coverage="50%"/></conditions></line><line number="39" hits="190" branch="true" condition-coverage="50% (1/2)"><conditions><condition number="0" type="jump" coverage="50%"/></conditions></line><line number="40" hits="190" branch="false"/><line number="42" hits="570" branch="true" condition-coverage="50% (1/2)"><conditions><condition number="0" type="jump" coverage="50%"/></conditions></line><line number="44" hits="190" branch="true" condition-coverage="50% (1/2)"><conditions><condition number="0" type="jump" coverage="50%"/></conditions></line><line number="45" hits="190" branch="true" condition-coverage="50% (1/2)"><conditions><condition number="0" type="jump" coverage="50%"/></conditions></line><line number="46" hits="190" branch="false"/><line number="49" hits="570" branch="true" condition-coverage="50% (1/2)"><conditions><condition number="0" type="jump" coverage="50%"/></conditions></line><line number="51" hits="190" branch="true" condition-coverage="50% (1/2)"><conditions><condition number="0" type="jump" coverage="50%"/></conditions></line><line number="52" hits="190" branch="true" condition-coverage="50% (1/2)"><conditions><condition number="0" type="jump" coverage="50%"/></conditions></line><line number="53" hits="190" branch="false"/><line number="55" hits="570" branch="true" condition-coverage="50% (1/2)"><conditions><condition number="0" type="jump" coverage="50%"/></conditions></line><line number="57" hits="190" branch="true" condition-coverage="50% (1/2)"><conditions><condition number="0" type="jump" coverage="50%"/></conditions></line><line number="58" hits="190" branch="true" condition-coverage="50% (1/2)"><conditions><condition number="0" type="jump" coverage="50%"/></conditions></line><line number="59" hits="190" branch="false"/><line number="62" hits="570" branch="true" condition-coverage="50% (1/2)"><conditions><condition number="0" type="jump" coverage="50%"/></conditions></line><line number="64" hits="190" branch="true" condition-coverage="12% (3/24)"><conditions><condition number="0" type="jump" coverage="12%"/></conditions></line><line number="65" hits="190" branch="false"/><line number="68" hits="570" branch="true" condition-coverage="50% (1/2)"><conditions><condition number="0" type="jump" coverage="50%"/></conditions></line><line number="70" hits="190" branch="false"/><line number="73" hits="190" branch="true" condition-coverage="50% (1/2)"><conditions><condition number="0" type="jump" coverage="50%"/></conditions></line><line number="74" hits="190" branch="false"/><line number="76" hits="570" branch="true" condition-coverage="50% (1/2)"><conditions><condition number="0" type="jump" coverage="50%"/></conditions></line><line number="78" hits="190" branch="false"/><line number="79" hits="190" branch="true" condition-coverage="50% (1/2)"><conditions><condition number="0" type="jump" coverage="50%"/></conditions></line><line number="80" hits="190" branch="false"/><line number="83" hits="570" branch="true" condition-coverage="50% (1/2)"><conditions><condition number="0" type="jump" coverage="50%"/></conditions></line><line number="85" hits="190" branch="true" condition-coverage="50% (1/2)"><conditions><condition number="0" type="jump" coverage="50%"/></conditions></line><line number="87" hits="190" branch="false"/><line number="88" hits="190" branch="false"/><line number="89" hits="190" branch="true" condition-coverage="50% (2/4)"><conditions><condition number="0" type="jump" coverage="50%"/></conditions></line><line number="90" hits="190" branch="true" condition-coverage="50% (1/2)"><conditions><condition number="0" type="jump" coverage="50%"/></conditions></line><line number="91" hits="190" branch="true" condition-coverage="50% (2/4)"><conditions><condition number="0" type="jump" coverage="50%"/></conditions></line><line number="92" hits="190" branch="false"/><line number="94" hits="570" branch="true" condition-coverage="50% (1/2)"><conditions><condition number="0" type="jump" coverage="50%"/></conditions></line><line number="96" hits="190" branch="false"/><line number="98" hits="190" branch="false"/><line number="99" hits="1900" branch="false"/><line number="101" hits="2090" branch="false"/><line number="102" hits="2090" branch="true" condition-coverage="50% (1/2)"><conditions><condition number="0" type="jump" coverage="50%"/></conditions></line><line number="103" hits="2090" branch="true" condition-coverage="50% (1/2)"><conditions><condition number="0" type="jump" coverage="50%"/></conditions></line><line number="105" hits="0" branch="true" condition-coverage="0% (0/4)"><conditions><condition number="0" type="jump" coverage="0%"/></conditions></line><line number="107" hits="2090" branch="true" condition-coverage="50% (1/2)"><conditions><condition number="0" type="jump" coverage="50%"/></conditions></line><line number="108" hits="2090" branch="true" condition-coverage="50% (2/4)"><conditions><condition number="0" type="jump" coverage="50%"/></conditions></line><line number="109" hits="2090" branch="true" condition-coverage="50% (3/6)"><conditions><condition number="0" type="jump" coverage="50%"/></conditions></line><line number="110" hits="2090" branch="true" condition-coverage="16% (3/18)"><conditions><condition number="0" type="jump" coverage="16%"/></conditions></line><line number="112" hits="2090" branch="true" condition-coverage="83% (5/6)"><conditions><condition number="0" type="jump" coverage="83%"/></conditions></line><line number="113" hits="190" branch="false"/><line number="114" hits="190" branch="true" condition-coverage="50% (1/2)"><conditions><condition number="0" type="jump" coverage="50%"/></conditions></line><line number="115" hits="190" branch="false"/><line number="117" hits="570" branch="true" condition-coverage="50% (1/2)"><conditions><condition number="0" type="jump" coverage="50%"/></conditions></line><line number="119" hits="190" branch="false"/><line number="121" hits="190" branch="false"/><line number="122" hits="1900" branch="false"/><line number="124" hits="2090" branch="false"/><line number="125" hits="2090" branch="true" condition-coverage="50% (1/2)"><conditions><condition number="0" type="jump" coverage="50%"/></conditions></line><line number="126" hits="2090" branch="true" condition-coverage="50% (1/2)"><conditions><condition number="0" type="jump" coverage="50%"/></conditions></line><line number="128" hits="0" branch="true" condition-coverage="0% (0/4)"><conditions><condition number="0" type="jump" coverage="0%"/></conditions></line><line number="130" hits="2090" branch="true" condition-coverage="50% (1/2)"><conditions><condition number="0" type="jump" coverage="50%"/></conditions></line><line number="131" hits="2090" branch="true" condition-coverage="50% (2/4)"><conditions><condition number="0" type="jump" coverage="50%"/></conditions></line><line number="132" hits="2090" branch="true" condition-coverage="50% (3/6)"><conditions><condition number="0" type="jump" coverage="50%"/></conditions></line><line number="133" hits="2090" branch="true" condition-coverage="16% (3/18)"><conditions><condition number="0" type="jump" coverage="16%"/></conditions></line><line number="135" hits="2090" branch="true" condition-coverage="83% (5/6)"><conditions><condition number="0" type="jump" coverage="83%"/></conditions></line><line number="136" hits="190" branch="false"/><line number="137" hits="190" branch="true" condition-coverage="50% (1/2)"><conditions><condition number="0" type="jump" coverage="50%"/></conditions></line><line number="138" hits="190" branch="false"/><line number="140" hits="570" branch="true" condition-coverage="50% (1/2)"><conditions><condition number="0" type="jump" coverage="50%"/></conditions></line><line number="142" hits="190" branch="false"/><line number="144" hits="760" branch="true" condition-coverage="50% (2/4)"><conditions><condition number="0" type="jump" coverage="50%"/></conditions></line><line number="145" hits="380" branch="false"/><line number="146" hits="190" branch="true" condition-coverage="12% (3/24)"><conditions><condition number="0" type="jump" coverage="12%"/></conditions></line><line number="147" hits="190" branch="true" condition-coverage="10% (3/30)"><conditions><condition number="0" type="jump" coverage="10%"/></conditions></line><line number="148" hits="190" branch="false"/><line number="150" hits="570" branch="true" condition-coverage="50% (1/2)"><conditions><condition number="0" type="jump" coverage="50%"/></conditions></line><line number="152" hits="190" branch="false"/><line number="154" hits="760" branch="true" condition-coverage="50% (2/4)"><conditions><condition number="0" type="jump" coverage="50%"/></conditions></line><line number="155" hits="380" branch="false"/><line number="158" hits="190" branch="false"/><line number="159" hits="760" branch="true" condition-coverage="50% (2/4)"><conditions><condition number="0" type="jump" coverage="50%"/></conditions></line><line number="160" hits="190" branch="false"/><line number="161" hits="190" branch="true" condition-coverage="12% (3/24)"><conditions><condition number="0" type="jump" coverage="12%"/></conditions></line><line number="162" hits="190" branch="true" condition-coverage="10% (3/30)"><conditions><condition number="0" type="jump" coverage="10%"/></conditions></line><line number="163" hits="190" branch="false"/><line number="167" hits="760" branch="true" condition-coverage="50% (2/4)"><conditions><condition number="0" type="jump" coverage="50%"/></conditions></line><line number="168" hits="380" branch="false"/><line number="169" hits="190" branch="true" condition-coverage="12% (3/24)"><conditions><condition number="0" type="jump" coverage="12%"/></conditions></line><line number="170" hits="190" branch="true" condition-coverage="10% (3/30)"><conditions><condition number="0" type="jump" coverage="10%"/></conditions></line><line number="172" hits="190" branch="false"/></lines></class></classes></package><package name="Components.AnalysisTools.ImageAnalysis_OpenCV.src" line-rate="0.14285714285714285" branch-rate="0.031746031746031744" complexity="0.0"><classes><class name="Background_Extractor_cpp" filename="Components/AnalysisTools/ImageAnalysis_OpenCV/src/Background_Extractor.cpp" line-rate="0.3076923076923077" branch-rate="0.08163265306122448" complexity="0.0"><methods/><lines><line number="36" hits="18" branch="false"/><line number="38" hits="18" branch="true" condition-coverage="33% (1/3)"><conditions><condition number="0" type="jump" coverage="33%"/></conditions></line><line number="40" hits="18" branch="false"/><line number="41" hits="18" branch="true" condition-coverage="50% (1/2)"><conditions><condition number="0" type="jump" coverage="50%"/></conditions></line><line number="42" hits="18" branch="true" condition-coverage="50% (1/2)"><conditions><condition number="0" type="jump" coverage="50%"/></conditions></line><line number="43" hits="18" branch="false"/><line number="44" hits="0" branch="false"/><line number="45" hits="0" branch="true" condition-coverage="0% (0/2)"><conditions><condition number="0" type="jump" coverage="0%"/></conditions></line><line number="46" hits="0" branch="true" condition-coverage="0% (0/2)"><conditions><condition number="0" type="jump" coverage="0%"/></conditions></line><line number="47" hits="0" branch="false"/><line number="50" hits="18" branch="false"/><line number="52" hits="18" branch="false"/><line number="54" hits="18" branch="false"/><line number="58" hits="18" branch="true" condition-coverage="50% (1/2)"><conditions><condition number="0" type="jump" coverage="50%"/></conditions></line><line number="60" hits="18" branch="false"/><line number="61" hits="18" branch="false"/><line number="64" hits="0" branch="false"/><line number="65" hits="0" branch="false"/><line number="67" hits="0" branch="true" condition-coverage="0% (0/4)"><conditions><condition number="0" type="jump" coverage="0%"/></conditions></line><line number="68" hits="0" branch="true" condition-coverage="0% (0/2)"><conditions><condition number="0" type="jump" coverage="0%"/></conditions></line><line number="69" hits="0" branch="false"/><line number="72" hits="0" branch="false"/><line number="75" hits="0" branch="false"/><line number="76" hits="0" branch="false"/><line number="78" hits="0" branch="true" condition-coverage="0% (0/4)"><conditions><condition number="0" type="jump" coverage="0%"/></conditions></line><line number="79" hits="0" branch="true" condition-coverage="0% (0/2)"><conditions><condition number="0" type="jump" coverage="0%"/></conditions></line><line number="80" hits="0" branch="false"/><line number="83" hits="0" branch="false"/><line number="85" hits="0" branch="true" condition-coverage="0% (0/2)"><conditions><condition number="0" type="jump" coverage="0%"/></conditions></line><line number="86" hits="0" branch="true" condition-coverage="0% (0/4)"><conditions><condition number="0" type="jump" coverage="0%"/></conditions></line><line number="87" hits="0" branch="false"/><line number="88" hits="0" branch="true" condition-coverage="0% (0/2)"><conditions><condition number="0" type="jump" coverage="0%"/></conditions></line><line number="89" hits="0" branch="true" condition-coverage="0% (0/4)"><conditions><condition number="0" type="jump" coverage="0%"/></conditions></line><line number="90" hits="0" branch="false"/><line number="91" hits="0" branch="true" condition-coverage="0% (0/2)"><conditions><condition number="0" type="jump" coverage="0%"/></conditions></line><line number="92" hits="0" branch="true" condition-coverage="0% (0/4)"><conditions><condition number="0" type="jump" coverage="0%"/></conditions></line><line number="93" hits="0" branch="true" condition-coverage="0% (0/2)"><conditions><condition number="0" type="jump" coverage="0%"/></conditions></line><line number="94" hits="0" branch="true" condition-coverage="0% (0/4)"><conditions><condition number="0" type="jump" coverage="0%"/></conditions></line><line number="95" hits="0" branch="false"/></lines></class><class name="ConnectedComponents_cpp" filename="Components/AnalysisTools/ImageAnalysis_OpenCV/src/ConnectedComponents.cpp" line-rate="0.15625" branch-rate="0.0375" complexity="0.0"><methods/><lines><line number="30" hits="18" branch="false"/><line number="38" hits="18" branch="true" condition-coverage="50% (2/4)"><conditions><condition number="0" type="jump" coverage="50%"/></conditions></line><line number="40" hits="18" branch="false"/><line number="43" hits="0" branch="false"/><line number="44" hits="0" branch="true" condition-coverage="0% (0/10)"><conditions><condition number="0" type="jump" coverage="0%"/></conditions></line><line number="45" hits="0" branch="true" condition-coverage="0% (0/2)"><conditions><condition number="0" type="jump" coverage="0%"/></conditions></line><line number="46" hits="0" branch="true" condition-coverage="0% (0/10)"><conditions><condition number="0" type="jump" coverage="0%"/></conditions></line><line number="47" hits="0" branch="true" condition-coverage="0% (0/2)"><conditions><condition number="0" type="jump" coverage="0%"/></conditions></line><line number="49" hits="0" branch="false"/><line number="50" hits="0" branch="false"/><line number="51" hits="0" branch="true" condition-coverage="0% (0/6)"><conditions><condition number="0" type="jump" coverage="0%"/></conditions></line><line number="52" hits="0" branch="false"/><line number="53" hits="0" branch="true" condition-coverage="0% (0/2)"><conditions><condition number="0" type="jump" coverage="0%"/></conditions></line><line number="55" hits="0" branch="true" condition-coverage="0% (0/2)"><conditions><condition number="0" type="jump" coverage="0%"/></conditions></line><line number="56" hits="0" branch="false"/><line number="57" hits="0" branch="false"/><line number="59" hits="0" branch="true" condition-coverage="0% (0/10)"><conditions><condition number="0" type="jump" coverage="0%"/></conditions></line><line number="61" hits="0" branch="true" condition-coverage="0% (0/2)"><conditions><condition number="0" type="jump" coverage="0%"/></conditions></line><line number="63" hits="0" branch="true" condition-coverage="0% (0/2)"><conditions><condition number="0" type="jump" coverage="0%"/></conditions></line><line number="67" hits="0" branch="true" condition-coverage="0% (0/6)"><conditions><condition number="0" type="jump" coverage="0%"/></conditions></line><line number="68" hits="0" branch="true" condition-coverage="0% (0/2)"><conditions><condition number="0" type="jump" coverage="0%"/></conditions></line><line number="70" hits="0" branch="true" condition-coverage="0% (0/10)"><conditions><condition number="0" type="jump" coverage="0%"/></conditions></line><line number="71" hits="0" branch="false"/><line number="78" hits="0" branch="true" condition-coverage="0% (0/2)"><conditions><condition number="0" type="jump" coverage="0%"/></conditions></line><line number="81" hits="18" branch="false"/><line number="83" hits="18" branch="true" condition-coverage="50% (2/4)"><conditions><condition number="0" type="jump" coverage="50%"/></conditions></line><line number="85" hits="18" branch="false"/><line number="88" hits="0" branch="true" condition-coverage="0% (0/10)"><conditions><condition number="0" type="jump" coverage="0%"/></conditions></line><line number="89" hits="0" branch="true" condition-coverage="0% (0/2)"><conditions><condition number="0" type="jump" coverage="0%"/></conditions></line><line number="90" hits="0" branch="true" condition-coverage="0% (0/10)"><conditions><condition number="0" type="jump" coverage="0%"/></conditions></line><line number="91" hits="0" branch="true" condition-coverage="0% (0/2)"><conditions><condition number="0" type="jump" coverage="0%"/></conditions></line><line number="93" hits="0" branch="false"/><line number="94" hits="0" branch="true" condition-coverage="0% (0/6)"><conditions><condition number="0" type="jump" coverage="0%"/></conditions></line><line number="95" hits="0" branch="false"/><line number="97" hits="0" branch="true" condition-coverage="0% (0/4)"><conditions><condition number="0" type="jump" coverage="0%"/></conditions></line><line number="99" hits="0" branch="true" condition-coverage="0% (0/2)"><conditions><condition number="0" type="jump" coverage="0%"/></conditions></line><line number="101" hits="0" branch="false"/><line number="105" hits="0" branch="false"/><line number="109" hits="18" branch="false"/><line number="111" hits="18" branch="false"/><line number="112" hits="18" branch="true" condition-coverage="50% (2/4)"><conditions><condition number="0" type="jump" coverage="50%"/></conditions></line><line number="114" hits="18" branch="false"/><line number="116" hits="0" branch="true" condition-coverage="0% (0/10)"><conditions><condition number="0" type="jump" coverage="0%"/></conditions></line><line number="117" hits="0" branch="true" condition-coverage="0% (0/2)"><conditions><condition number="0" type="jump" coverage="0%"/></conditions></line><line number="118" hits="0" branch="true" condition-coverage="0% (0/10)"><conditions><condition number="0" type="jump" coverage="0%"/></conditions></line><line number="119" hits="0" branch="true" condition-coverage="0% (0/2)"><conditions><condition number="0" type="jump" coverage="0%"/></conditions></line><line number="121" hits="0" branch="false"/><line number="122" hits="0" branch="true" condition-coverage="0% (0/6)"><conditions><condition number="0" type="jump" coverage="0%"/></conditions></line><line number="124" hits="0" branch="false"/><line number="125" hits="0" branch="false"/><line number="128" hits="0" branch="false"/><line number="129" hits="0" branch="false"/><line number="131" hits="0" branch="true" condition-coverage="0% (0/4)"><conditions><condition number="0" type="jump" coverage="0%"/></conditions></line><line number="133" hits="0" branch="true" condition-coverage="0% (0/2)"><conditions><condition number="0" type="jump" coverage="0%"/></conditions></line><line number="135" hits="0" branch="false"/><line number="136" hits="0" branch="false"/><line number="138" hits="0" branch="false"/><line number="141" hits="0" branch="true" condition-coverage="0% (0/2)"><conditions><condition number="0" type="jump" coverage="0%"/></conditions></line><line number="143" hits="0" branch="true" condition-coverage="0% (0/6)"><conditions><condition number="0" type="jump" coverage="0%"/></conditions></line><line number="145" hits="0" branch="false"/><line number="146" hits="0" branch="false"/><line number="147" hits="0" branch="false"/><line number="148" hits="0" branch="false"/><line number="151" hits="0" branch="false"/></lines></class><class name="Utility_Image_cpp" filename="Components/AnalysisTools/ImageAnalysis_OpenCV/src/Utility_Image.cpp" line-rate="0.0" branch-rate="0.0" complexity="0.0"><methods/><lines><line number="31" hits="0" branch="false"/><line number="37" hits="0" branch="true" condition-coverage="0% (0/2)"><conditions><condition number="0" type="jump" coverage="0%"/></conditions></line><line number="38" hits="0" branch="false"/><line number="41" hits="0" branch="false"/><line number="47" hits="0" branch="false"/><line number="49" hits="0" branch="false"/><line number="50" hits="0" branch="true" condition-coverage="0% (0/2)"><conditions><condition number="0" type="jump" coverage="0%"/></conditions></line><line number="53" hits="0" branch="false"/><line number="55" hits="0" branch="false"/><line number="56" hits="0" branch="true" condition-coverage="0% (0/6)"><conditions><condition number="0" type="jump" coverage="0%"/></conditions></line><line number="57" hits="0" branch="false"/><line number="60" hits="0" branch="false"/><line number="62" hits="0" branch="true" condition-coverage="0% (0/2)"><conditions><condition number="0" type="jump" coverage="0%"/></conditions></line><line number="63" hits="0" branch="true" condition-coverage="0% (0/2)"><conditions><condition number="0" type="jump" coverage="0%"/></conditions></line><line number="64" hits="0" branch="true" condition-coverage="0% (0/2)"><conditions><condition number="0" type="jump" coverage="0%"/></conditions></line><line number="66" hits="0" branch="true" condition-coverage="0% (0/4)"><conditions><condition number="0" type="jump" coverage="0%"/></conditions></line><line number="68" hits="0" branch="false"/><line number="71" hits="0" branch="false"/><line number="73" hits="0" branch="false"/><line number="76" hits="0" branch="false"/><line number="79" hits="0" branch="false"/><line number="80" hits="0" branch="false"/><line number="81" hits="0" branch="true" condition-coverage="0% (0/14)"><conditions><condition number="0" type="jump" coverage="0%"/></conditions></line><line number="82" hits="0" branch="true" condition-coverage="0% (0/6)"><conditions><condition number="0" type="jump" coverage="0%"/></conditions></line><line number="83" hits="0" branch="true" condition-coverage="0% (0/6)"><conditions><condition number="0" type="jump" coverage="0%"/></conditions></line><line number="101" hits="0" branch="false"/><line number="103" hits="0" branch="true" condition-coverage="0% (0/4)"><conditions><condition number="0" type="jump" coverage="0%"/></conditions></line><line number="104" hits="0" branch="false"/><line number="123" hits="0" branch="false"/><line number="129" hits="0" branch="true" condition-coverage="0% (0/6)"><conditions><condition number="0" type="jump" coverage="0%"/></conditions></line><line number="135" hits="0" branch="false"/><line number="156" hits="0" branch="false"/><line number="163" hits="0" branch="true" condition-coverage="0% (0/2)"><conditions><condition number="0" type="jump" coverage="0%"/></conditions></line><line number="164" hits="0" branch="true" condition-coverage="0% (0/4)"><conditions><condition number="0" type="jump" coverage="0%"/></conditions></line><line number="170" hits="0" branch="false"/><line number="190" hits="0" branch="false"/><line number="196" hits="0" branch="true" condition-coverage="0% (0/2)"><conditions><condition number="0" type="jump" coverage="0%"/></conditions></line><line number="202" hits="0" branch="false"/><line number="220" hits="0" branch="false"/><line number="226" hits="0" branch="false"/><line number="227" hits="0" branch="true" condition-coverage="0% (0/2)"><conditions><condition number="0" type="jump" coverage="0%"/></conditions></line><line number="228" hits="0" branch="true" condition-coverage="0% (0/10)"><conditions><condition number="0" type="jump" coverage="0%"/></conditions></line><line number="235" hits="0" branch="false"/><line number="256" hits="0" branch="false"/><line number="264" hits="0" branch="true" condition-coverage="0% (0/8)"><conditions><condition number="0" type="jump" coverage="0%"/></conditions></line><line number="266" hits="0" branch="true" condition-coverage="0% (0/4)"><conditions><condition number="0" type="jump" coverage="0%"/></conditions></line><line number="267" hits="0" branch="true" condition-coverage="0% (0/4)"><conditions><condition number="0" type="jump" coverage="0%"/></conditions></line><line number="269" hits="0" branch="true" condition-coverage="0% (0/6)"><conditions><condition number="0" type="jump" coverage="0%"/></conditions></line><line number="271" hits="0" branch="true" condition-coverage="0% (0/4)"><conditions><condition number="0" type="jump" coverage="0%"/></conditions></line><line number="273" hits="0" branch="true" condition-coverage="0% (0/4)"><conditions><condition number="0" type="jump" coverage="0%"/></conditions></line><line number="279" hits="0" branch="false"/></lines></class></classes></package><package name="Components.AnalysisTools.ImageAnalysis_OpenCV.test" line-rate="1.0" branch-rate="0.0" complexity="0.0"><classes><class name="test_main_cpp" filename="Components/AnalysisTools/ImageAnalysis_OpenCV/test/test_main.cpp" line-rate="1.0" branch-rate="0.0" complexity="0.0"><methods/><lines><line number="6" hits="95" branch="false"/><line number="11" hits="95" branch="false"/><line number="25" hits="95" branch="false"/></lines></class></classes></package><package name="Components.AnalysisTools.ImageAnalysis_OpenCV.test.test" line-rate="1.0" branch-rate="0.2391304347826087" complexity="0.0"><classes><class name="bkg_test_cpp" filename="Components/AnalysisTools/ImageAnalysis_OpenCV/test/test/bkg_test.cpp" line-rate="1.0" branch-rate="0.5" complexity="0.0"><methods/><lines><line number="18" hits="95" branch="false"/><line number="19" hits="95" branch="false"/><line number="22" hits="95" branch="false"/><line number="26" hits="570" branch="true" condition-coverage="50% (1/2)"><conditions><condition number="0" type="jump" coverage="50%"/></conditions></line><line number="28" hits="380" branch="false"/><line number="29" hits="190" branch="true" condition-coverage="50% (1/2)"><conditions><condition number="0" type="jump" coverage="50%"/></conditions></line><line number="30" hits="190" branch="true" condition-coverage="50% (2/4)"><conditions><condition number="0" type="jump" coverage="50%"/></conditions></line><line number="31" hits="190" branch="false"/></lines></class><class name="cc_test_cpp" filename="Components/AnalysisTools/ImageAnalysis_OpenCV/test/test/cc_test.cpp" line-rate="1.0" branch-rate="0.21428571428571427" complexity="0.0"><methods/><lines><line number="13" hits="285" branch="false"/><line number="15" hits="570" branch="false"/><line number="18" hits="285" branch="false"/><line number="21" hits="570" branch="true" condition-coverage="50% (1/2)"><conditions><condition number="0" type="jump" coverage="50%"/></conditions></line><line number="23" hits="380" branch="false"/><line number="24" hits="190" branch="true" condition-coverage="50% (1/2)"><conditions><condition number="0" type="jump" coverage="50%"/></conditions></line><line number="25" hits="190" branch="true" condition-coverage="16% (3/18)"><conditions><condition number="0" type="jump" coverage="16%"/></conditions></line><line number="26" hits="190" branch="false"/><line number="28" hits="570" branch="true" condition-coverage="50% (1/2)"><conditions><condition number="0" type="jump" coverage="50%"/></conditions></line><line number="30" hits="380" branch="false"/><line number="31" hits="190" branch="true" condition-coverage="50% (1/2)"><conditions><condition number="0" type="jump" coverage="50%"/></conditions></line><line number="32" hits="190" branch="true" condition-coverage="16% (3/18)"><conditions><condition number="0" type="jump" coverage="16%"/></conditions></line><line number="33" hits="190" branch="false"/><line number="35" hits="570" branch="true" condition-coverage="50% (1/2)"><conditions><condition number="0" type="jump" coverage="50%"/></conditions></line><line number="37" hits="380" branch="false"/><line number="38" hits="190" branch="true" condition-coverage="50% (1/2)"><conditions><condition number="0" type="jump" coverage="50%"/></conditions></line><line number="40" hits="190" branch="true" condition-coverage="16% (3/18)"><conditions><condition number="0" type="jump" coverage="16%"/></conditions></line><line number="41" hits="190" branch="true" condition-coverage="16% (3/18)"><conditions><condition number="0" type="jump" coverage="16%"/></conditions></line><line number="42" hits="190" branch="false"/></lines></class></classes></package><package name="Components.AnalysisTools.PeriodEstimator.include" line-rate="0.8059701492537313" branch-rate="0.5384615384615384" complexity="0.0"><classes><class name="PeriodeEstimator_hpp" filename="Components/AnalysisTools/PeriodEstimator/include/PeriodeEstimator.hpp" line-rate="0.8059701492537313" branch-rate="0.5384615384615384" complexity="0.0"><methods/><lines><line number="61" hits="161" branch="false"/><line number="63" hits="161" branch="false"/><line number="67" hits="161" branch="true" condition-coverage="75% (3/4)"><conditions><condition number="0" type="jump" coverage="75%"/></conditions></line><line number="69" hits="46" branch="true" condition-coverage="50% (1/2)"><conditions><condition number="0" type="jump" coverage="50%"/></conditions></line><line number="70" hits="46" branch="true" condition-coverage="50% (1/2)"><conditions><condition number="0" type="jump" coverage="50%"/></conditions></line><line number="74" hits="115" branch="true" condition-coverage="50% (1/2)"><conditions><condition number="0" type="jump" coverage="50%"/></conditions></line><line number="76" hits="161" branch="false"/><line number="77" hits="161" branch="false"/><line number="87" hits="0" branch="false"/><line number="89" hits="0" branch="false"/><line number="90" hits="0" branch="false"/><line number="91" hits="0" branch="false"/><line number="92" hits="0" branch="true" condition-coverage="0% (0/2)"><conditions><condition number="0" type="jump" coverage="0%"/></conditions></line><line number="93" hits="0" branch="true" condition-coverage="0% (0/2)"><conditions><condition number="0" type="jump" coverage="0%"/></conditions></line><line number="94" hits="0" branch="true" condition-coverage="0% (0/2)"><conditions><condition number="0" type="jump" coverage="0%"/></conditions></line><line number="100" hits="92" branch="false"/><line number="102" hits="92" branch="false"/><line number="106" hits="0" branch="false"/><line number="108" hits="0" branch="true" condition-coverage="0% (0/2)"><conditions><condition number="0" type="jump" coverage="0%"/></conditions></line><line number="110" hits="0" branch="true" condition-coverage="0% (0/2)"><conditions><condition number="0" type="jump" coverage="0%"/></conditions></line><line number="111" hits="0" branch="false"/><line number="113" hits="0" branch="false"/><line number="115" hits="115" branch="false"/><line number="122" hits="115" branch="true" condition-coverage="100% (2/2)"><conditions><condition number="0" type="jump" coverage="100%"/></conditions></line><line number="124" hits="92" branch="false"/><line number="125" hits="92" branch="false"/><line number="127" hits="115" branch="false"/><line number="129" hits="161" branch="false"/><line number="131" hits="161" branch="true" condition-coverage="50% (1/2)"><conditions><condition number="0" type="jump" coverage="50%"/></conditions></line><line number="133" hits="161" branch="false"/><line number="134" hits="161" branch="false"/><line number="136" hits="161" branch="true" condition-coverage="100% (2/2)"><conditions><condition number="0" type="jump" coverage="100%"/></conditions></line><line number="138" hits="23" branch="false"/><line number="139" hits="23" branch="true" condition-coverage="50% (1/2)"><conditions><condition number="0" type="jump" coverage="50%"/></conditions></line><line number="140" hits="23" branch="false"/><line number="144" hits="138" branch="false"/><line number="146" hits="161" branch="false"/><line number="148" hits="161" branch="true" condition-coverage="75% (3/4)"><conditions><condition number="0" type="jump" coverage="75%"/></conditions></line><line number="149" hits="23" branch="true" condition-coverage="50% (1/2)"><conditions><condition number="0" type="jump" coverage="50%"/></conditions></line><line number="151" hits="23" branch="false"/><line number="153" hits="138" branch="true" condition-coverage="100% (4/4)"><conditions><condition number="0" type="jump" coverage="100%"/></conditions></line><line number="154" hits="69" branch="true" condition-coverage="50% (1/2)"><conditions><condition number="0" type="jump" coverage="50%"/></conditions></line><line number="156" hits="69" branch="false"/><line number="158" hits="69" branch="true" condition-coverage="75% (3/4)"><conditions><condition number="0" type="jump" coverage="75%"/></conditions></line><line number="159" hits="46" branch="true" condition-coverage="50% (1/2)"><conditions><condition number="0" type="jump" coverage="50%"/></conditions></line><line number="161" hits="46" branch="false"/><line number="163" hits="23" branch="true" condition-coverage="50% (2/4)"><conditions><condition number="0" type="jump" coverage="50%"/></conditions></line><line number="164" hits="23" branch="true" condition-coverage="50% (1/2)"><conditions><condition number="0" type="jump" coverage="50%"/></conditions></line><line number="166" hits="23" branch="false"/><line number="168" hits="0" branch="false"/><line number="188" hits="138" branch="false"/><line number="189" hits="138" branch="false"/><line number="190" hits="138" branch="false"/><line number="195" hits="115" branch="false"/><line number="197" hits="115" branch="false"/><line number="199" hits="161" branch="false"/><line number="201" hits="161" branch="false"/><line number="203" hits="138" branch="false"/><line number="205" hits="138" branch="false"/><line number="207" hits="92" branch="false"/><line number="209" hits="92" branch="false"/><line number="211" hits="138" branch="false"/><line number="213" hits="138" branch="false"/><line number="214" hits="138" branch="false"/><line number="215" hits="138" branch="false"/><line number="217" hits="138" branch="false"/><line number="218" hits="138" branch="false"/></lines></class></classes></package><package name="Components.AnalysisTools.PeriodEstimator.test" line-rate="1.0" branch-rate="0.0" complexity="0.0"><classes><class name="test_main_cpp" filename="Components/AnalysisTools/PeriodEstimator/test/test_main.cpp" line-rate="1.0" branch-rate="0.0" complexity="0.0"><methods/><lines><line number="6" hits="95" branch="false"/><line number="11" hits="95" branch="false"/><line number="25" hits="95" branch="false"/></lines></class></classes></package><package name="Components.AnalysisTools.PeriodEstimator.test.test" line-rate="1.0" branch-rate="0.5" complexity="0.0"><classes><class name="PeriodeEstimator_test_cpp" filename="Components/AnalysisTools/PeriodEstimator/test/test/PeriodeEstimator_test.cpp" line-rate="1.0" branch-rate="0.5" complexity="0.0"><methods/><lines><line number="19" hits="138" branch="false"/><line number="20" hits="138" branch="false"/><line number="21" hits="138" branch="false"/><line number="22" hits="138" branch="false"/><line number="23" hits="138" branch="false"/><line number="25" hits="138" branch="false"/><line number="30" hits="138" branch="true" condition-coverage="50% (1/2)"><conditions><condition number="0" type="jump" coverage="50%"/></conditions></line><line number="32" hits="92" branch="true" condition-coverage="50% (1/2)"><conditions><condition number="0" type="jump" coverage="50%"/></conditions></line><line number="33" hits="46" branch="true" condition-coverage="50% (2/4)"><conditions><condition number="0" type="jump" coverage="50%"/></conditions></line><line number="34" hits="46" branch="false"/><line number="45" hits="138" branch="true" condition-coverage="50% (1/2)"><conditions><condition number="0" type="jump" coverage="50%"/></conditions></line><line number="47" hits="46" branch="false"/><line number="48" hits="46" branch="true" condition-coverage="50% (1/2)"><conditions><condition number="0" type="jump" coverage="50%"/></conditions></line><line number="49" hits="46" branch="true" condition-coverage="50% (2/4)"><conditions><condition number="0" type="jump" coverage="50%"/></conditions></line><line number="50" hits="46" branch="false"/><line number="52" hits="138" branch="true" condition-coverage="50% (1/2)"><conditions><condition number="0" type="jump" coverage="50%"/></conditions></line><line number="54" hits="46" branch="false"/><line number="55" hits="46" branch="true" condition-coverage="50% (1/2)"><conditions><condition number="0" type="jump" coverage="50%"/></conditions></line><line number="56" hits="46" branch="true" condition-coverage="50% (2/4)"><conditions><condition number="0" type="jump" coverage="50%"/></conditions></line><line number="57" hits="46" branch="true" condition-coverage="50% (2/4)"><conditions><condition number="0" type="jump" coverage="50%"/></conditions></line><line number="58" hits="46" branch="true" condition-coverage="50% (2/4)"><conditions><condition number="0" type="jump" coverage="50%"/></conditions></line><line number="59" hits="46" branch="false"/><line number="61" hits="138" branch="true" condition-coverage="50% (1/2)"><conditions><condition number="0" type="jump" coverage="50%"/></conditions></line><line number="63" hits="46" branch="true" condition-coverage="50% (1/2)"><conditions><condition number="0" type="jump" coverage="50%"/></conditions></line><line number="65" hits="46" branch="true" condition-coverage="50% (1/2)"><conditions><condition number="0" type="jump" coverage="50%"/></conditions></line><line number="66" hits="46" branch="true" condition-coverage="50% (1/2)"><conditions><condition number="0" type="jump" coverage="50%"/></conditions></line><line number="67" hits="46" branch="true" condition-coverage="50% (1/2)"><conditions><condition number="0" type="jump" coverage="50%"/></conditions></line><line number="68" hits="46" branch="true" condition-coverage="50% (1/2)"><conditions><condition number="0" type="jump" coverage="50%"/></conditions></line><line number="69" hits="46" branch="false"/><line number="71" hits="138" branch="true" condition-coverage="50% (1/2)"><conditions><condition number="0" type="jump" coverage="50%"/></conditions></line><line number="73" hits="46" branch="true" condition-coverage="50% (1/2)"><conditions><condition number="0" type="jump" coverage="50%"/></conditions></line><line number="75" hits="46" branch="true" condition-coverage="50% (1/2)"><conditions><condition number="0" type="jump" coverage="50%"/></conditions></line><line number="76" hits="46" branch="true" condition-coverage="50% (1/2)"><conditions><condition number="0" type="jump" coverage="50%"/></conditions></line><line number="77" hits="46" branch="true" condition-coverage="50% (1/2)"><conditions><condition number="0" type="jump" coverage="50%"/></conditions></line><line number="78" hits="46" branch="true" condition-coverage="50% (1/2)"><conditions><condition number="0" type="jump" coverage="50%"/></conditions></line><line number="79" hits="46" branch="true" condition-coverage="50% (1/2)"><conditions><condition number="0" type="jump" coverage="50%"/></conditions></line><line number="80" hits="46" branch="false"/><line number="82" hits="138" branch="true" condition-coverage="50% (1/2)"><conditions><condition number="0" type="jump" coverage="50%"/></conditions></line><line number="84" hits="46" branch="true" condition-coverage="50% (1/2)"><conditions><condition number="0" type="jump" coverage="50%"/></conditions></line><line number="86" hits="46" branch="true" condition-coverage="50% (1/2)"><conditions><condition number="0" type="jump" coverage="50%"/></conditions></line><line number="87" hits="46" branch="true" condition-coverage="50% (1/2)"><conditions><condition number="0" type="jump" coverage="50%"/></conditions></line><line number="88" hits="46" branch="true" condition-coverage="50% (1/2)"><conditions><condition number="0" type="jump" coverage="50%"/></conditions></line><line number="89" hits="46" branch="true" condition-coverage="50% (1/2)"><conditions><condition number="0" type="jump" coverage="50%"/></conditions></line><line number="90" hits="46" branch="true" condition-coverage="50% (1/2)"><conditions><condition number="0" type="jump" coverage="50%"/></conditions></line><line number="91" hits="46" branch="true" condition-coverage="50% (1/2)"><conditions><condition number="0" type="jump" coverage="50%"/></conditions></line><line number="92" hits="46" branch="true" condition-coverage="50% (1/2)"><conditions><condition number="0" type="jump" coverage="50%"/></conditions></line><line number="93" hits="46" branch="false"/></lines></class></classes></package><package name="Components.Connector.WiFi.src" line-rate="0.5833333333333334" branch-rate="0.2" complexity="0.0"><classes><class name="WiFi_API_cpp" filename="Components/Connector/WiFi/src/WiFi_API.cpp" line-rate="0.5833333333333334" branch-rate="0.2" complexity="0.0"><methods/><lines><line number="36" hits="0" branch="false"/><line number="38" hits="36" branch="false"/><line number="40" hits="36" branch="true" condition-coverage="50% (1/2)"><conditions><condition number="0" type="jump" coverage="50%"/></conditions></line><line number="41" hits="36" branch="true" condition-coverage="50% (1/2)"><conditions><condition number="0" type="jump" coverage="50%"/></conditions></line><line number="43" hits="0" branch="true" condition-coverage="0% (0/6)"><conditions><condition number="0" type="jump" coverage="0%"/></conditions></line><line number="44" hits="0" branch="false"/><line number="46" hits="36" branch="false"/><line number="48" hits="36" branch="false"/><line number="50" hits="36" branch="false"/><line number="76" hits="36" branch="false"/><line number="79" hits="0" branch="false"/><line number="93" hits="0" branch="false"/></lines></class></classes></package><package name="Components.Connector.WiFi.test" line-rate="1.0" branch-rate="0.0" complexity="0.0"><classes><class name="test_main_cpp" filename="Components/Connector/WiFi/test/test_main.cpp" line-rate="1.0" branch-rate="0.0" complexity="0.0"><methods/><lines><line number="6" hits="95" branch="false"/><line number="11" hits="95" branch="false"/><line number="25" hits="95" branch="false"/></lines></class></classes></package><package name="Components.Connector.WiFi.test.test" line-rate="1.0" branch-rate="0.5" complexity="0.0"><classes><class name="wifi_test_cpp" filename="Components/Connector/WiFi/test/test/wifi_test.cpp" line-rate="1.0" branch-rate="0.5" complexity="0.0"><methods/><lines><line number="13" hits="95" branch="false"/><line number="15" hits="190" branch="false"/><line number="18" hits="95" branch="false"/><line number="21" hits="570" branch="true" condition-coverage="50% (1/2)"><conditions><condition number="0" type="jump" coverage="50%"/></conditions></line><line number="24" hits="190" branch="true" condition-coverage="50% (1/2)"><conditions><condition number="0" type="jump" coverage="50%"/></conditions></line><line number="25" hits="190" branch="false"/></lines></class></classes></package><package name="Components.Controller.DistanceSensorController.include" line-rate="1.0" branch-rate="0.5" complexity="0.0"><classes><class name="DistanceSensorController_hpp" filename="Components/Controller/DistanceSensorController/include/DistanceSensorController.hpp" line-rate="1.0" branch-rate="0.5" complexity="0.0"><methods/><lines><line number="61" hits="24" branch="false"/><line number="62" hits="24" branch="false"/><line number="63" hits="24" branch="false"/><line number="64" hits="24" branch="true" condition-coverage="50% (1/2)"><conditions><condition number="0" type="jump" coverage="50%"/></conditions></line><line number="65" hits="48" branch="false"/><line number="109" hits="18" branch="false"/><line number="110" hits="18" branch="false"/><line number="111" hits="18" branch="false"/><line number="112" hits="6" branch="false"/><line number="114" hits="6" branch="false"/><line number="115" hits="6" branch="false"/></lines></class></classes></package><package name="Components.Controller.DistanceSensorController.src" line-rate="0.0" branch-rate="0.0" complexity="0.0"><classes><class name="DistanceSensorController_cpp" filename="Components/Controller/DistanceSensorController/src/DistanceSensorController.cpp" line-rate="0.0" branch-rate="0.0" complexity="0.0"><methods/><lines><line number="29" hits="0" branch="false"/><line number="36" hits="0" branch="false"/><line number="37" hits="0" branch="true" condition-coverage="0% (0/2)"><conditions><condition number="0" type="jump" coverage="0%"/></conditions></line><line number="39" hits="0" branch="true" condition-coverage="0% (0/2)"><conditions><condition number="0" type="jump" coverage="0%"/></conditions></line><line number="40" hits="0" branch="false"/><line number="43" hits="0" branch="false"/><line number="48" hits="0" branch="false"/><line number="51" hits="0" branch="false"/><line number="57" hits="0" branch="true" condition-coverage="0% (0/2)"><conditions><condition number="0" type="jump" coverage="0%"/></conditions></line><line number="60" hits="0" branch="false"/><line number="62" hits="0" branch="true" condition-coverage="0% (0/2)"><conditions><condition number="0" type="jump" coverage="0%"/></conditions></line><line number="65" hits="0" branch="false"/><line number="69" hits="0" branch="false"/><line number="70" hits="0" branch="true" condition-coverage="0% (0/2)"><conditions><condition number="0" type="jump" coverage="0%"/></conditions></line><line number="72" hits="0" branch="false"/><line number="75" hits="0" branch="false"/><line number="80" hits="0" branch="false"/></lines></class></classes></package><package name="Components.Controller.DistanceSensorController.test" line-rate="1.0" branch-rate="0.0" complexity="0.0"><classes><class name="test_main_cpp" filename="Components/Controller/DistanceSensorController/test/test_main.cpp" line-rate="1.0" branch-rate="0.0" complexity="0.0"><methods/><lines><line number="6" hits="95" branch="false"/><line number="11" hits="95" branch="false"/><line number="25" hits="95" branch="false"/></lines></class></classes></package><package name="Components.Controller.DistanceSensorController.test.test" line-rate="1.0" branch-rate="0.5" complexity="0.0"><classes><class name="DistanceSensorController_test_cpp" filename="Components/Controller/DistanceSensorController/test/test/DistanceSensorController_test.cpp" line-rate="1.0" branch-rate="0.5" complexity="0.0"><methods/><lines><line number="41" hits="6" branch="false"/><line number="43" hits="6" branch="false"/><line number="44" hits="6" branch="false"/><line number="46" hits="6" branch="false"/><line number="51" hits="36" branch="true" condition-coverage="50% (1/2)"><conditions><condition number="0" type="jump" coverage="50%"/></conditions></line><line number="53" hits="12" branch="true" condition-coverage="50% (1/2)"><conditions><condition number="0" type="jump" coverage="50%"/></conditions></line><line number="54" hits="12" branch="false"/></lines></class></classes></package><package name="Components.Interfaces.ADCBase.include" line-rate="1.0" branch-rate="0.75" complexity="0.0"><classes><class name="ADCBase_hpp" filename="Components/Interfaces/ADCBase/include/ADCBase.hpp" line-rate="1.0" branch-rate="0.75" complexity="0.0"><methods/><lines><line number="81" hits="162" branch="false"/><line number="82" hits="162" branch="false"/><line number="83" hits="324" branch="false"/><line number="97" hits="285" branch="false"/><line number="99" hits="285" branch="true" condition-coverage="75% (3/4)"><conditions><condition number="0" type="jump" coverage="75%"/></conditions></line><line number="101" hits="190" branch="false"/><line number="103" hits="285" branch="false"/><line number="109" hits="380" branch="false"/><line number="111" hits="380" branch="false"/></lines></class></classes></package><package name="Components.Interfaces.ActuatorBase.include" line-rate="0.7" branch-rate="0.6666666666666666" complexity="0.0"><classes><class name="Actuator_Base_hpp" filename="Components/Interfaces/ActuatorBase/include/Actuator_Base.hpp" line-rate="0.7" branch-rate="0.6666666666666666" complexity="0.0"><methods/><lines><line number="80" hits="288" branch="true" condition-coverage="50% (2/4)"><conditions><condition number="0" type="jump" coverage="50%"/></conditions></line><line number="81" hits="576" branch="false"/><line number="86" hits="665" branch="false"/><line number="88" hits="665" branch="false"/><line number="89" hits="665" branch="true" condition-coverage="100% (2/2)"><conditions><condition number="0" type="jump" coverage="100%"/></conditions></line><line number="94" hits="9215" branch="false"/><line number="96" hits="9215" branch="false"/><line number="113" hits="0" branch="false"/><line number="115" hits="0" branch="false"/><line number="116" hits="0" branch="false"/></lines></class></classes></package><package name="Components.Interfaces.Camera.include" line-rate="1.0" branch-rate="0.0" complexity="0.0"><classes><class name="Camera_hpp" filename="Components/Interfaces/Camera/include/Camera.hpp" line-rate="1.0" branch-rate="0.0" complexity="0.0"><methods/><lines><line number="87" hits="18" branch="false"/><line number="88" hits="36" branch="false"/></lines></class></classes></package><package name="Components.Interfaces.PWMBase.include" line-rate="1.0" branch-rate="0.5" complexity="0.0"><classes><class name="PWMBase_hpp" filename="Components/Interfaces/PWMBase/include/PWMBase.hpp" line-rate="1.0" branch-rate="0.5" complexity="0.0"><methods/><lines><line number="83" hits="378" branch="true" condition-coverage="50% (1/2)"><conditions><condition number="0" type="jump" coverage="50%"/></conditions></line><line number="84" hits="756" branch="false"/></lines></class></classes></package><package name="Components.Interfaces.ProtocolBase.include" line-rate="0.0" branch-rate="0.0" complexity="0.0"><classes><class name="ProtocolBase_hpp" filename="Components/Interfaces/ProtocolBase/include/ProtocolBase.hpp" line-rate="0.0" branch-rate="0.0" complexity="0.0"><methods/><lines><line number="78" hits="0" branch="false"/><line number="79" hits="0" branch="false"/></lines></class></classes></package><package name="Components.Interfaces.QueryBase.include" line-rate="0.85" branch-rate="0.2222222222222222" complexity="0.0"><classes><class name="QueryBase_hpp" filename="Components/Interfaces/QueryBase/include/QueryBase.hpp" line-rate="0.25" branch-rate="0.0" complexity="0.0"><methods/><lines><line number="60" hits="0" branch="false"/><line number="62" hits="0" branch="true" condition-coverage="0% (0/2)"><conditions><condition number="0" type="jump" coverage="0%"/></conditions></line><line number="64" hits="0" branch="false"/><line number="66" hits="190" branch="true" condition-coverage="0% (0/2)"><conditions><condition number="0" type="jump" coverage="0%"/></conditions></line></lines></class><class name="QueryMessageBase_hpp" filename="Components/Interfaces/QueryBase/include/QueryMessageBase.hpp" line-rate="1.0" branch-rate="0.4" complexity="0.0"><methods/><lines><line number="83" hits="1045" branch="false"/><line number="84" hits="190" branch="false"/><line number="85" hits="190" branch="true" condition-coverage="50% (1/2)"><conditions><condition number="0" type="jump" coverage="50%"/></conditions></line><line number="87" hits="2280" branch="false"/><line number="89" hits="380" branch="false"/><line number="91" hits="380" branch="true" condition-coverage="33% (1/3)"><conditions><condition number="0" type="jump" coverage="33%"/></conditions></line><line number="92" hits="380" branch="false"/><line number="94" hits="380" branch="false"/><line number="96" hits="380" branch="false"/><line number="97" hits="380" branch="false"/><line number="99" hits="1194" branch="false"/><line number="101" hits="1194" branch="false"/><line number="104" hits="398" branch="false"/><line number="106" hits="398" branch="false"/><line number="109" hits="90" branch="false"/><line number="111" hits="90" branch="false"/></lines></class></classes></package><package name="Components.Interfaces.SensorControllerBase.include" line-rate="0.9166666666666666" branch-rate="0.5" complexity="0.0"><classes><class name="SensorControllerBase_hpp" filename="Components/Interfaces/SensorControllerBase/include/SensorControllerBase.hpp" line-rate="0.9166666666666666" branch-rate="0.5" complexity="0.0"><methods/><lines><line number="67" hits="30" branch="false"/><line number="68" hits="90" branch="false"/><line number="69" hits="30" branch="false"/><line number="70" hits="60" branch="true" condition-coverage="50% (6/12)"><conditions><condition number="0" type="jump" coverage="50%"/></conditions></line><line number="71" hits="60" branch="false"/><line number="73" hits="6" branch="false"/><line number="75" hits="6" branch="false"/><line number="77" hits="6" branch="false"/><line number="79" hits="6" branch="false"/><line number="81" hits="6" branch="false"/><line number="83" hits="12" branch="false"/><line number="85" hits="12" branch="false"/><line number="87" hits="12" branch="false"/><line number="89" hits="12" branch="false"/><line number="90" hits="12" branch="false"/><line number="93" hits="6" branch="false"/><line number="95" hits="6" branch="false"/><line number="96" hits="6" branch="false"/><line number="97" hits="6" branch="false"/><line number="101" hits="0" branch="false"/><line number="103" hits="0" branch="false"/><line number="114" hits="12" branch="false"/><line number="116" hits="12" branch="false"/><line number="117" hits="12" branch="false"/></lines></class></classes></package><package name="Components.Interfaces.SensorControllerBase.src" line-rate="0.0" branch-rate="0.0" complexity="0.0"><classes><class name="SensorControllerBase_cpp" filename="Components/Interfaces/SensorControllerBase/src/SensorControllerBase.cpp" line-rate="0.0" branch-rate="0.0" complexity="0.0"><methods/><lines><line number="29" hits="0" branch="false"/><line number="33" hits="0" branch="true" condition-coverage="0% (0/2)"><conditions><condition number="0" type="jump" coverage="0%"/></conditions></line><line number="34" hits="0" branch="true" condition-coverage="0% (0/2)"><conditions><condition number="0" type="jump" coverage="0%"/></conditions></line><line number="36" hits="0" branch="true" condition-coverage="0% (0/4)"><conditions><condition number="0" type="jump" coverage="0%"/></conditions></line><line number="39" hits="0" branch="true" condition-coverage="0% (0/2)"><conditions><condition number="0" type="jump" coverage="0%"/></conditions></line><line number="43" hits="0" branch="false"/><line number="45" hits="0" branch="true" condition-coverage="0% (0/2)"><conditions><condition number="0" type="jump" coverage="0%"/></conditions></line></lines></class></classes></package><package name="Components.Interfaces.SensorControllerBase.test" line-rate="1.0" branch-rate="0.0" complexity="0.0"><classes><class name="test_main_cpp" filename="Components/Interfaces/SensorControllerBase/test/test_main.cpp" line-rate="1.0" branch-rate="0.0" complexity="0.0"><methods/><lines><line number="6" hits="95" branch="false"/><line number="11" hits="95" branch="false"/><line number="25" hits="95" branch="false"/></lines></class></classes></package><package name="Components.Interfaces.SensorControllerBase.test.mock" line-rate="0.6" branch-rate="0.0" complexity="0.0"><classes><class name="SensorControllerBase_MOCK_cpp" filename="Components/Interfaces/SensorControllerBase/test/mock/SensorControllerBase_MOCK.cpp" line-rate="0.0" branch-rate="0.0" complexity="0.0"><methods/><lines><line number="29" hits="0" branch="false"/><line number="31" hits="0" branch="false"/></lines></class><class name="SensorControllerBase_MOCK_hpp" filename="Components/Interfaces/SensorControllerBase/test/mock/SensorControllerBase_MOCK.hpp" line-rate="1.0" branch-rate="0.0" complexity="0.0"><methods/><lines><line number="50" hits="6" branch="false"/><line number="51" hits="6" branch="false"/><line number="52" hits="12" branch="false"/></lines></class></classes></package><package name="Components.Interfaces.SensorControllerBase.test.test" line-rate="1.0" branch-rate="0.5" complexity="0.0"><classes><class name="SensorControllerTest_cpp" filename="Components/Interfaces/SensorControllerBase/test/test/SensorControllerTest.cpp" line-rate="1.0" branch-rate="0.5" complexity="0.0"><methods/><lines><line number="24" hits="6" branch="false"/><line number="26" hits="6" branch="false"/><line number="27" hits="6" branch="false"/><line number="29" hits="6" branch="false"/><line number="34" hits="36" branch="true" condition-coverage="50% (1/2)"><conditions><condition number="0" type="jump" coverage="50%"/></conditions></line><line number="36" hits="12" branch="false"/><line number="37" hits="12" branch="true" condition-coverage="50% (2/4)"><conditions><condition number="0" type="jump" coverage="50%"/></conditions></line><line number="40" hits="24" branch="true" condition-coverage="50% (1/2)"><conditions><condition number="0" type="jump" coverage="50%"/></conditions></line><line number="41" hits="12" branch="true" condition-coverage="50% (2/4)"><conditions><condition number="0" type="jump" coverage="50%"/></conditions></line><line number="42" hits="12" branch="false"/></lines></class></classes></package><package name="Components.Interfaces.ServiceBase.include" line-rate="0.38235294117647056" branch-rate="0.16666666666666666" complexity="0.0"><classes><class name="ServiceBase_hpp" filename="Components/Interfaces/ServiceBase/include/ServiceBase.hpp" line-rate="0.38235294117647056" branch-rate="0.16666666666666666" complexity="0.0"><methods/><lines><line number="66" hits="12" branch="false"/><line number="69" hits="24" branch="true" condition-coverage="50% (5/10)"><conditions><condition number="0" type="jump" coverage="50%"/></conditions></line><line number="70" hits="24" branch="false"/><line number="71" hits="12" branch="false"/><line number="73" hits="12" branch="false"/><line number="75" hits="6" branch="false"/><line number="77" hits="6" branch="false"/><line number="95" hits="0" branch="false"/><line number="97" hits="0" branch="false"/><line number="106" hits="0" branch="false"/><line number="109" hits="0" branch="true" condition-coverage="0% (0/2)"><conditions><condition number="0" type="jump" coverage="0%"/></conditions></line><line number="111" hits="0" branch="true" condition-coverage="0% (0/2)"><conditions><condition number="0" type="jump" coverage="0%"/></conditions></line><line number="115" hits="0" branch="false"/><line number="128" hits="0" branch="false"/><line number="130" hits="0" branch="false"/><line number="131" hits="0" branch="false"/><line number="134" hits="0" branch="true" condition-coverage="0% (0/4)"><conditions><condition number="0" type="jump" coverage="0%"/></conditions></line><line number="139" hits="0" branch="false"/><line number="141" hits="0" branch="true" condition-coverage="0% (0/2)"><conditions><condition number="0" type="jump" coverage="0%"/></conditions></line><line number="142" hits="0" branch="true" condition-coverage="0% (0/2)"><conditions><condition number="0" type="jump" coverage="0%"/></conditions></line><line number="144" hits="0" branch="true" condition-coverage="0% (0/2)"><conditions><condition number="0" type="jump" coverage="0%"/></conditions></line><line number="146" hits="0" branch="true" condition-coverage="0% (0/2)"><conditions><condition number="0" type="jump" coverage="0%"/></conditions></line><line number="147" hits="0" branch="true" condition-coverage="0% (0/2)"><conditions><condition number="0" type="jump" coverage="0%"/></conditions></line><line number="150" hits="0" branch="true" condition-coverage="0% (0/2)"><conditions><condition number="0" type="jump" coverage="0%"/></conditions></line><line number="211" hits="6" branch="false"/><line number="213" hits="6" branch="false"/><line number="214" hits="12" branch="false"/><line number="226" hits="0" branch="false"/><line number="237" hits="0" branch="false"/><line number="244" hits="6" branch="false"/><line number="246" hits="6" branch="false"/><line number="247" hits="12" branch="false"/><line number="250" hits="0" branch="false"/><line number="261" hits="0" branch="false"/></lines></class></classes></package><package name="Components.Interfaces.ServiceBase.test" line-rate="1.0" branch-rate="0.0" complexity="0.0"><classes><class name="test_main_cpp" filename="Components/Interfaces/ServiceBase/test/test_main.cpp" line-rate="1.0" branch-rate="0.0" complexity="0.0"><methods/><lines><line number="6" hits="95" branch="false"/><line number="11" hits="95" branch="false"/><line number="25" hits="95" branch="false"/></lines></class></classes></package><package name="Components.Interfaces.ServiceBase.test.test" line-rate="1.0" branch-rate="0.5" complexity="0.0"><classes><class name="Service_test_cpp" filename="Components/Interfaces/ServiceBase/test/test/Service_test.cpp" line-rate="1.0" branch-rate="0.5" complexity="0.0"><methods/><lines><line number="17" hits="6" branch="false"/><line number="19" hits="6" branch="false"/><line number="20" hits="6" branch="false"/><line number="22" hits="6" branch="false"/><line number="27" hits="36" branch="true" condition-coverage="50% (1/2)"><conditions><condition number="0" type="jump" coverage="50%"/></conditions></line><line number="29" hits="12" branch="true" condition-coverage="50% (1/2)"><conditions><condition number="0" type="jump" coverage="50%"/></conditions></line><line number="30" hits="12" branch="false"/></lines></class></classes></package><package name="Components.Interfaces.WatchdogBase.include" line-rate="1.0" branch-rate="0.0" complexity="0.0"><classes><class name="Watchdog_Base_hpp" filename="Components/Interfaces/WatchdogBase/include/Watchdog_Base.hpp" line-rate="1.0" branch-rate="0.0" complexity="0.0"><methods/><lines><line number="84" hits="234" branch="false"/><line number="85" hits="468" branch="false"/></lines></class></classes></package><package name="Components.Objects.ADC.src" line-rate="1.0" branch-rate="0.6666666666666666" complexity="0.0"><classes><class name="ADC_API_ESP32_cpp" filename="Components/Objects/ADC/src/ADC_API_ESP32.cpp" line-rate="1.0" branch-rate="0.6666666666666666" complexity="0.0"><methods/><lines><line number="36" hits="162" branch="true" condition-coverage="50% (1/2)"><conditions><condition number="0" type="jump" coverage="50%"/></conditions></line><line number="47" hits="162" branch="false"/><line number="49" hits="324" branch="false"/><line number="54" hits="18" branch="false"/><line number="56" hits="18" branch="false"/><line number="57" hits="1170" branch="true" condition-coverage="100% (2/2)"><conditions><condition number="0" type="jump" coverage="100%"/></conditions></line><line number="64" hits="18" branch="true" condition-coverage="50% (1/2)"><conditions><condition number="0" type="jump" coverage="50%"/></conditions></line><line number="68" hits="18" branch="false"/></lines></class></classes></package><package name="Components.Objects.ADC.test" line-rate="1.0" branch-rate="0.0" complexity="0.0"><classes><class name="test_main_cpp" filename="Components/Objects/ADC/test/test_main.cpp" line-rate="1.0" branch-rate="0.0" complexity="0.0"><methods/><lines><line number="6" hits="95" branch="false"/><line number="11" hits="95" branch="false"/><line number="25" hits="95" branch="false"/></lines></class></classes></package><package name="Components.Objects.ADC.test.test" line-rate="1.0" branch-rate="0.5" complexity="0.0"><classes><class name="ADC_test_cpp" filename="Components/Objects/ADC/test/test/ADC_test.cpp" line-rate="1.0" branch-rate="0.5" complexity="0.0"><methods/><lines><line number="18" hits="475" branch="false"/><line number="19" hits="475" branch="false"/><line number="22" hits="475" branch="false"/><line number="26" hits="570" branch="true" condition-coverage="50% (1/2)"><conditions><condition number="0" type="jump" coverage="50%"/></conditions></line><line number="28" hits="190" branch="true" condition-coverage="50% (2/4)"><conditions><condition number="0" type="jump" coverage="50%"/></conditions></line><line number="29" hits="190" branch="false"/><line number="32" hits="570" branch="true" condition-coverage="50% (1/2)"><conditions><condition number="0" type="jump" coverage="50%"/></conditions></line><line number="34" hits="190" branch="true" condition-coverage="50% (1/2)"><conditions><condition number="0" type="jump" coverage="50%"/></conditions></line><line number="35" hits="190" branch="false"/><line number="38" hits="570" branch="true" condition-coverage="50% (1/2)"><conditions><condition number="0" type="jump" coverage="50%"/></conditions></line><line number="40" hits="190" branch="false"/><line number="42" hits="190" branch="true" condition-coverage="50% (1/2)"><conditions><condition number="0" type="jump" coverage="50%"/></conditions></line><line number="43" hits="190" branch="false"/><line number="46" hits="570" branch="true" condition-coverage="50% (1/2)"><conditions><condition number="0" type="jump" coverage="50%"/></conditions></line><line number="48" hits="190" branch="false"/><line number="50" hits="190" branch="true" condition-coverage="50% (1/2)"><conditions><condition number="0" type="jump" coverage="50%"/></conditions></line><line number="51" hits="190" branch="false"/><line number="53" hits="570" branch="true" condition-coverage="50% (1/2)"><conditions><condition number="0" type="jump" coverage="50%"/></conditions></line><line number="55" hits="190" branch="false"/><line number="57" hits="190" branch="true" condition-coverage="50% (1/2)"><conditions><condition number="0" type="jump" coverage="50%"/></conditions></line><line number="58" hits="190" branch="false"/></lines></class></classes></package><package name="Components.Objects.DataBroker.include" line-rate="1.0" branch-rate="0.5" complexity="0.0"><classes><class name="DataBroker_hpp" filename="Components/Objects/DataBroker/include/DataBroker.hpp" line-rate="1.0" branch-rate="0.5" complexity="0.0"><methods/><lines><line number="59" hits="24" branch="false"/><line number="60" hits="48" branch="true" condition-coverage="50% (2/4)"><conditions><condition number="0" type="jump" coverage="50%"/></conditions></line><line number="61" hits="48" branch="false"/><line number="84" hits="18" branch="false"/><line number="85" hits="18" branch="false"/><line number="86" hits="12" branch="false"/><line number="88" hits="12" branch="false"/></lines></class></classes></package><package name="Components.Objects.DataBroker.src" line-rate="0.84" branch-rate="0.6" complexity="0.0"><classes><class name="DataBroker_cpp" filename="Components/Objects/DataBroker/src/DataBroker.cpp" line-rate="0.84" branch-rate="0.6" complexity="0.0"><methods/><lines><line number="30" hits="6" branch="false"/><line number="36" hits="6" branch="false"/><line number="42" hits="6" branch="false"/><line number="45" hits="12" branch="false"/><line number="51" hits="12" branch="true" condition-coverage="100% (2/2)"><conditions><condition number="0" type="jump" coverage="100%"/></conditions></line><line number="54" hits="6" branch="false"/><line number="55" hits="6" branch="false"/><line number="57" hits="12" branch="false"/><line number="58" hits="6" branch="false"/><line number="59" hits="6" branch="true" condition-coverage="50% (1/2)"><conditions><condition number="0" type="jump" coverage="50%"/></conditions></line><line number="66" hits="6" branch="false"/><line number="67" hits="6" branch="true" condition-coverage="50% (1/2)"><conditions><condition number="0" type="jump" coverage="50%"/></conditions></line><line number="69" hits="6" branch="false"/><line number="71" hits="6" branch="false"/><line number="72" hits="6" branch="true" condition-coverage="50% (1/2)"><conditions><condition number="0" type="jump" coverage="50%"/></conditions></line><line number="74" hits="0" branch="false"/><line number="76" hits="6" branch="false"/><line number="77" hits="6" branch="true" condition-coverage="50% (1/2)"><conditions><condition number="0" type="jump" coverage="50%"/></conditions></line><line number="81" hits="6" branch="false"/><line number="82" hits="6" branch="false"/><line number="89" hits="6" branch="false"/><line number="95" hits="6" branch="false"/><line number="98" hits="0" branch="false"/><line number="102" hits="0" branch="false"/><line number="103" hits="0" branch="false"/></lines></class></classes></package><package name="Components.Objects.DataBroker.test" line-rate="1.0" branch-rate="0.0" complexity="0.0"><classes><class name="test_main_cpp" filename="Components/Objects/DataBroker/test/test_main.cpp" line-rate="1.0" branch-rate="0.0" complexity="0.0"><methods/><lines><line number="6" hits="95" branch="false"/><line number="11" hits="95" branch="false"/><line number="25" hits="95" branch="false"/></lines></class></classes></package><package name="Components.Objects.DataBroker.test.test" line-rate="1.0" branch-rate="0.22857142857142856" complexity="0.0"><classes><class name="DataBroker_test_cpp" filename="Components/Objects/DataBroker/test/test/DataBroker_test.cpp" line-rate="1.0" branch-rate="0.22857142857142856" complexity="0.0"><methods/><lines><line number="42" hits="18" branch="false"/><line number="44" hits="18" branch="false"/><line number="45" hits="18" branch="false"/><line number="47" hits="18" branch="false"/><line number="52" hits="36" branch="true" condition-coverage="50% (1/2)"><conditions><condition number="0" type="jump" coverage="50%"/></conditions></line><line number="54" hits="24" branch="true" condition-coverage="50% (1/2)"><conditions><condition number="0" type="jump" coverage="50%"/></conditions></line><line number="55" hits="12" branch="true" condition-coverage="50% (2/4)"><conditions><condition number="0" type="jump" coverage="50%"/></conditions></line><line number="56" hits="12" branch="false"/><line number="59" hits="36" branch="true" condition-coverage="50% (1/2)"><conditions><condition number="0" type="jump" coverage="50%"/></conditions></line><line number="61" hits="12" branch="true" condition-coverage="11% (2/18)"><conditions><condition number="0" type="jump" coverage="11%"/></conditions></line><line number="62" hits="12" branch="false"/><line number="65" hits="36" branch="true" condition-coverage="50% (1/2)"><conditions><condition number="0" type="jump" coverage="50%"/></conditions></line><line number="67" hits="24" branch="true" condition-coverage="50% (1/2)"><conditions><condition number="0" type="jump" coverage="50%"/></conditions></line><line number="68" hits="24" branch="true" condition-coverage="50% (1/2)"><conditions><condition number="0" type="jump" coverage="50%"/></conditions></line><line number="69" hits="12" branch="true" condition-coverage="50% (1/2)"><conditions><condition number="0" type="jump" coverage="50%"/></conditions></line><line number="71" hits="12" branch="true" condition-coverage="50% (1/2)"><conditions><condition number="0" type="jump" coverage="50%"/></conditions></line><line number="72" hits="12" branch="true" condition-coverage="12% (4/32)"><conditions><condition number="0" type="jump" coverage="12%"/></conditions></line><line number="73" hits="12" branch="false"/></lines></class></classes></package><package name="Components.Objects.ErrorHandler.include" line-rate="1.0" branch-rate="0.5" complexity="0.0"><classes><class name="ErrorCodeParser_hpp" filename="Components/Objects/ErrorHandler/include/ErrorCodeParser.hpp" line-rate="1.0" branch-rate="0.5" complexity="0.0"><methods/><lines><line number="66" hits="12" branch="false"/><line number="69" hits="36" branch="true" condition-coverage="50% (7/14)"><conditions><condition number="0" type="jump" coverage="50%"/></conditions></line><line number="70" hits="60" branch="true" condition-coverage="50% (1/2)"><conditions><condition number="0" type="jump" coverage="50%"/></conditions></line><line number="71" hits="36" branch="true" condition-coverage="50% (1/2)"><conditions><condition number="0" type="jump" coverage="50%"/></conditions></line><line number="85" hits="6" branch="false"/><line number="88" hits="6" branch="false"/></lines></class><class name="General_Error_hpp" filename="Components/Objects/ErrorHandl
[...]
mp" coverage="50%"/></conditions></line><line number="30" hits="190" branch="false"/></lines></class></classes></package><package name="Components.Service.WaterEstimator.include" line-rate="0.0" branch-rate="0.0" complexity="0.0"><classes><class name="WaterEstimator_Service_hpp" filename="Components/Service/WaterEstimator/include/WaterEstimator_Service.hpp" line-rate="0.0" branch-rate="0.0" complexity="0.0"><methods/><lines><line number="60" hits="0" branch="false"/></lines></class></classes></package><package name="Components.Service.WaterEstimator.src" line-rate="0.0" branch-rate="0.0" complexity="0.0"><classes><class name="WaterEstimator_Service_cpp" filename="Components/Service/WaterEstimator/src/WaterEstimator_Service.cpp" line-rate="0.0" branch-rate="0.0" complexity="0.0"><methods/><lines><line number="29" hits="0" branch="false"/><line number="32" hits="0" branch="true" condition-coverage="0% (0/2)"><conditions><condition number="0" type="jump" coverage="0%"/></conditions></line><line number="35" hits="0" branch="false"/><line number="36" hits="0" branch="false"/><line number="38" hits="0" branch="true" condition-coverage="0% (0/2)"><conditions><condition number="0" type="jump" coverage="0%"/></conditions></line><line number="40" hits="0" branch="true" condition-coverage="0% (0/2)"><conditions><condition number="0" type="jump" coverage="0%"/></conditions></line><line number="42" hits="0" branch="false"/><line number="44" hits="0" branch="true" condition-coverage="0% (0/2)"><conditions><condition number="0" type="jump" coverage="0%"/></conditions></line><line number="46" hits="0" branch="false"/><line number="48" hits="0" branch="true" condition-coverage="0% (0/2)"><conditions><condition number="0" type="jump" coverage="0%"/></conditions></line><line number="49" hits="0" branch="true" condition-coverage="0% (0/2)"><conditions><condition number="0" type="jump" coverage="0%"/></conditions></line><line number="51" hits="0" branch="true" condition-coverage="0% (0/2)"><conditions><condition number="0" type="jump" coverage="0%"/></conditions></line><line number="54" hits="0" branch="true" condition-coverage="0% (0/2)"><conditions><condition number="0" type="jump" coverage="0%"/></conditions></line><line number="55" hits="0" branch="true" condition-coverage="0% (0/2)"><conditions><condition number="0" type="jump" coverage="0%"/></conditions></line><line number="59" hits="0" branch="true" condition-coverage="0% (0/4)"><conditions><condition number="0" type="jump" coverage="0%"/></conditions></line><line number="61" hits="0" branch="true" condition-coverage="0% (0/2)"><conditions><condition number="0" type="jump" coverage="0%"/></conditions></line><line number="62" hits="0" branch="true" condition-coverage="0% (0/2)"><conditions><condition number="0" type="jump" coverage="0%"/></conditions></line><line number="63" hits="0" branch="true" condition-coverage="0% (0/2)"><conditions><condition number="0" type="jump" coverage="0%"/></conditions></line><line number="65" hits="0" branch="true" condition-coverage="0% (0/6)"><conditions><condition number="0" type="jump" coverage="0%"/></conditions></line><line number="66" hits="0" branch="true" condition-coverage="0% (0/8)"><conditions><condition number="0" type="jump" coverage="0%"/></conditions></line><line number="69" hits="0" branch="true" condition-coverage="0% (0/2)"><conditions><condition number="0" type="jump" coverage="0%"/></conditions></line><line number="72" hits="0" branch="false"/></lines></class></classes></package><package name="Components.Service.WaterEstimator.test" line-rate="1.0" branch-rate="0.0" complexity="0.0"><classes><class name="test_main_cpp" filename="Components/Service/WaterEstimator/test/test_main.cpp" line-rate="1.0" branch-rate="0.0" complexity="0.0"><methods/><lines><line number="6" hits="95" branch="false"/><line number="11" hits="95" branch="false"/><line number="25" hits="95" branch="false"/></lines></class></classes></package><package name="Components.Service.WaterEstimator.test.test" line-rate="1.0" branch-rate="0.5" complexity="0.0"><classes><class name="WaterEstimator_test_cpp" filename="Components/Service/WaterEstimator/test/test/WaterEstimator_test.cpp" line-rate="1.0" branch-rate="0.5" complexity="0.0"><methods/><lines><line number="17" hits="95" branch="false"/><line number="19" hits="95" branch="false"/><line number="20" hits="95" branch="false"/><line number="22" hits="95" branch="false"/><line number="27" hits="570" branch="true" condition-coverage="50% (1/2)"><conditions><condition number="0" type="jump" coverage="50%"/></conditions></line><line number="29" hits="190" branch="true" condition-coverage="50% (1/2)"><conditions><condition number="0" type="jump" coverage="50%"/></conditions></line><line number="30" hits="190" branch="false"/></lines></class></classes></package><package name="Components.User.DogFeederDoor.src" line-rate="0.0" branch-rate="0.0" complexity="0.0"><classes><class name="DogFeederDoor_cpp" filename="Components/User/DogFeederDoor/src/DogFeederDoor.cpp" line-rate="0.0" branch-rate="0.0" complexity="0.0"><methods/><lines><line number="36" hits="0" branch="false"/><line number="38" hits="0" branch="false"/><line number="40" hits="0" branch="false"/><line number="42" hits="0" branch="false"/><line number="45" hits="0" branch="false"/><line number="47" hits="0" branch="false"/></lines></class></classes></package><package name="Components.User.DogFeederDoor.test" line-rate="1.0" branch-rate="0.0" complexity="0.0"><classes><class name="test_main_cpp" filename="Components/User/DogFeederDoor/test/test_main.cpp" line-rate="1.0" branch-rate="0.0" complexity="0.0"><methods/><lines><line number="6" hits="95" branch="false"/><line number="11" hits="95" branch="false"/><line number="25" hits="95" branch="false"/></lines></class></classes></package><package name="Components.User.DogFeederDoor.test.test" line-rate="1.0" branch-rate="0.5" complexity="0.0"><classes><class name="00_TEMPLATE_cpp" filename="Components/User/DogFeederDoor/test/test/00_TEMPLATE.cpp" line-rate="1.0" branch-rate="0.5" complexity="0.0"><methods/><lines><line number="17" hits="95" branch="false"/><line number="19" hits="95" branch="false"/><line number="20" hits="95" branch="false"/><line number="22" hits="95" branch="false"/><line number="27" hits="570" branch="true" condition-coverage="50% (1/2)"><conditions><condition number="0" type="jump" coverage="50%"/></conditions></line><line number="29" hits="190" branch="true" condition-coverage="50% (1/2)"><conditions><condition number="0" type="jump" coverage="50%"/></conditions></line><line number="30" hits="190" branch="false"/></lines></class></classes></package><package name="Components.Utility.Ping.include" line-rate="1.0" branch-rate="0.5" complexity="0.0"><classes><class name="Ping_API_hpp" filename="Components/Utility/Ping/include/Ping_API.hpp" line-rate="1.0" branch-rate="0.5" complexity="0.0"><methods/><lines><line number="60" hits="10" branch="false"/><line number="62" hits="10" branch="true" condition-coverage="50% (2/4)"><conditions><condition number="0" type="jump" coverage="50%"/></conditions></line><line number="63" hits="10" branch="false"/></lines></class></classes></package><package name="Components.Utility.Ping.test" line-rate="1.0" branch-rate="0.0" complexity="0.0"><classes><class name="test_main_cpp" filename="Components/Utility/Ping/test/test_main.cpp" line-rate="1.0" branch-rate="0.0" complexity="0.0"><methods/><lines><line number="6" hits="17" branch="false"/><line number="11" hits="17" branch="false"/><line number="25" hits="17" branch="false"/></lines></class></classes></package><package name="Components.Utility.Ping.test.test" line-rate="1.0" branch-rate="0.5" complexity="0.0"><classes><class name="simple_test_cpp" filename="Components/Utility/Ping/test/test/simple_test.cpp" line-rate="1.0" branch-rate="0.5" complexity="0.0"><methods/><lines><line number="17" hits="10" branch="false"/><line number="19" hits="10" branch="false"/><line number="20" hits="10" branch="false"/><line number="24" hits="10" branch="false"/><line number="26" hits="20" branch="false"/><line number="29" hits="10" branch="false"/><line number="32" hits="60" branch="true" condition-coverage="50% (1/2)"><conditions><condition number="0" type="jump" coverage="50%"/></conditions></line><line number="34" hits="20" branch="true" condition-coverage="50% (3/6)"><conditions><condition number="0" type="jump" coverage="50%"/></conditions></line><line number="35" hits="20" branch="false"/></lines></class></classes></package><package name="Components.Utility.utils.src" line-rate="0.2702702702702703" branch-rate="0.12162162162162163" complexity="0.0"><classes><class name="utils_cpp" filename="Components/Utility/utils/src/utils.cpp" line-rate="0.2702702702702703" branch-rate="0.12162162162162163" complexity="0.0"><methods/><lines><line number="13" hits="0" branch="false"/><line number="15" hits="0" branch="true" condition-coverage="0% (0/2)"><conditions><condition number="0" type="jump" coverage="0%"/></conditions></line><line number="17" hits="0" branch="false"/><line number="19" hits="0" branch="false"/><line number="20" hits="0" branch="false"/><line number="21" hits="0" branch="true" condition-coverage="0% (0/2)"><conditions><condition number="0" type="jump" coverage="0%"/></conditions></line><line number="23" hits="0" branch="true" condition-coverage="0% (0/2)"><conditions><condition number="0" type="jump" coverage="0%"/></conditions></line><line number="24" hits="0" branch="false"/><line number="25" hits="0" branch="false"/><line number="27" hits="0" branch="true" condition-coverage="0% (0/2)"><conditions><condition number="0" type="jump" coverage="0%"/></conditions></line><line number="28" hits="0" branch="true" condition-coverage="0% (0/2)"><conditions><condition number="0" type="jump" coverage="0%"/></conditions></line><line number="32" hits="18" branch="false"/><line number="34" hits="18" branch="false"/><line number="35" hits="18" branch="true" condition-coverage="50% (1/2)"><conditions><condition number="0" type="jump" coverage="50%"/></conditions></line><line number="37" hits="0" branch="false"/><line number="39" hits="18" branch="false"/><line number="40" hits="18" branch="false"/><line number="41" hits="54" branch="true" condition-coverage="100% (2/2)"><conditions><condition number="0" type="jump" coverage="100%"/></conditions></line><line number="43" hits="36" branch="true" condition-coverage="50% (2/4)"><conditions><condition number="0" type="jump" coverage="50%"/></conditions></line><line number="44" hits="36" branch="false"/><line number="45" hits="36" branch="false"/><line number="47" hits="36" branch="true" condition-coverage="100% (2/2)"><conditions><condition number="0" type="jump" coverage="100%"/></conditions></line><line number="48" hits="18" branch="true" condition-coverage="50% (2/4)"><conditions><condition number="0" type="jump" coverage="50%"/></conditions></line><line number="50" hits="18" branch="false"/><line number="52" hits="0" branch="false"/><line number="54" hits="0" branch="true" condition-coverage="0% (0/2)"><conditions><condition number="0" type="jump" coverage="0%"/></conditions></line><line number="57" hits="0" branch="true" condition-coverage="0% (0/2)"><conditions><condition number="0" type="jump" coverage="0%"/></conditions></line><line number="61" hits="0" branch="true" condition-coverage="0% (0/2)"><conditions><condition number="0" type="jump" coverage="0%"/></conditions></line><line number="64" hits="0" branch="false"/><line number="66" hits="0" branch="true" condition-coverage="0% (0/2)"><conditions><condition number="0" type="jump" coverage="0%"/></conditions></line><line number="69" hits="0" branch="true" condition-coverage="0% (0/2)"><conditions><condition number="0" type="jump" coverage="0%"/></conditions></line><line number="73" hits="0" branch="true" condition-coverage="0% (0/2)"><conditions><condition number="0" type="jump" coverage="0%"/></conditions></line><line number="76" hits="0" branch="false"/><line number="78" hits="0" branch="true" condition-coverage="0% (0/2)"><conditions><condition number="0" type="jump" coverage="0%"/></conditions></line><line number="81" hits="0" branch="true" condition-coverage="0% (0/2)"><conditions><condition number="0" type="jump" coverage="0%"/></conditions></line><line number="85" hits="0" branch="true" condition-coverage="0% (0/2)"><conditions><condition number="0" type="jump" coverage="0%"/></conditions></line><line number="88" hits="0" branch="false"/><line number="90" hits="0" branch="true" condition-coverage="0% (0/2)"><conditions><condition number="0" type="jump" coverage="0%"/></conditions></line><line number="93" hits="0" branch="true" condition-coverage="0% (0/6)"><conditions><condition number="0" type="jump" coverage="0%"/></conditions></line><line number="96" hits="0" branch="true" condition-coverage="0% (0/2)"><conditions><condition number="0" type="jump" coverage="0%"/></conditions></line><line number="99" hits="0" branch="false"/><line number="101" hits="0" branch="true" condition-coverage="0% (0/2)"><conditions><condition number="0" type="jump" coverage="0%"/></conditions></line><line number="104" hits="0" branch="true" condition-coverage="0% (0/6)"><conditions><condition number="0" type="jump" coverage="0%"/></conditions></line><line number="107" hits="0" branch="true" condition-coverage="0% (0/2)"><conditions><condition number="0" type="jump" coverage="0%"/></conditions></line><line number="110" hits="0" branch="false"/><line number="112" hits="0" branch="true" condition-coverage="0% (0/2)"><conditions><condition number="0" type="jump" coverage="0%"/></conditions></line><line number="115" hits="0" branch="true" condition-coverage="0% (0/2)"><conditions><condition number="0" type="jump" coverage="0%"/></conditions></line><line number="118" hits="0" branch="true" condition-coverage="0% (0/2)"><conditions><condition number="0" type="jump" coverage="0%"/></conditions></line><line number="127" hits="0" branch="false"/><line number="129" hits="0" branch="false"/><line number="133" hits="0" branch="true" condition-coverage="0% (0/2)"><conditions><condition number="0" type="jump" coverage="0%"/></conditions></line><line number="135" hits="0" branch="true" condition-coverage="0% (0/2)"><conditions><condition number="0" type="jump" coverage="0%"/></conditions></line><line number="137" hits="0" branch="false"/><line number="138" hits="0" branch="false"/><line number="141" hits="0" branch="false"/><line number="144" hits="0" branch="false"/><line number="147" hits="0" branch="false"/><line number="156" hits="0" branch="false"/><line number="158" hits="0" branch="false"/><line number="161" hits="0" branch="false"/><line number="163" hits="0" branch="false"/><line number="166" hits="36" branch="false"/><line number="169" hits="36" branch="false"/><line number="172" hits="18" branch="false"/><line number="180" hits="18" branch="false"/><line number="181" hits="18" branch="false"/><line number="182" hits="18" branch="false"/><line number="183" hits="18" branch="false"/><line number="189" hits="18" branch="false"/><line number="193" hits="0" branch="false"/><line number="195" hits="0" branch="true" condition-coverage="0% (0/2)"><conditions><condition number="0" type="jump" coverage="0%"/></conditions></line><line number="197" hits="0" branch="false"/><line number="198" hits="0" branch="false"/><line number="200" hits="0" branch="false"/></lines></class></classes></package><package name="Components.Utility.utils.test" line-rate="1.0" branch-rate="0.0" complexity="0.0"><classes><class name="test_main_cpp" filename="Components/Utility/utils/test/test_main.cpp" line-rate="1.0" branch-rate="0.0" complexity="0.0"><methods/><lines><line number="6" hits="95" branch="false"/><line number="11" hits="95" branch="false"/><line number="25" hits="95" branch="false"/></lines></class></classes></package><package name="Components.Utility.utils.test.test" line-rate="1.0" branch-rate="0.4230769230769231" complexity="0.0"><classes><class name="utils_test_cpp" filename="Components/Utility/utils/test/test/utils_test.cpp" line-rate="1.0" branch-rate="0.4230769230769231" complexity="0.0"><methods/><lines><line number="13" hits="285" branch="false"/><line number="15" hits="570" branch="false"/><line number="18" hits="285" branch="false"/><line number="20" hits="570" branch="true" condition-coverage="50% (1/2)"><conditions><condition number="0" type="jump" coverage="50%"/></conditions></line><line number="22" hits="190" branch="false"/><line number="24" hits="190" branch="false"/><line number="25" hits="190" branch="false"/><line number="26" hits="190" branch="false"/><line number="27" hits="190" branch="false"/><line number="29" hits="190" branch="false"/><line number="30" hits="190" branch="true" condition-coverage="50% (1/2)"><conditions><condition number="0" type="jump" coverage="50%"/></conditions></line><line number="32" hits="190" branch="false"/><line number="33" hits="190" branch="true" condition-coverage="50% (1/2)"><conditions><condition number="0" type="jump" coverage="50%"/></conditions></line><line number="34" hits="190" branch="true" condition-coverage="16% (3/18)"><conditions><condition number="0" type="jump" coverage="16%"/></conditions></line><line number="36" hits="190" branch="true" condition-coverage="50% (2/4)"><conditions><condition number="0" type="jump" coverage="50%"/></conditions></line><line number="37" hits="190" branch="true" condition-coverage="50% (2/4)"><conditions><condition number="0" type="jump" coverage="50%"/></conditions></line><line number="38" hits="190" branch="true" condition-coverage="50% (2/4)"><conditions><condition number="0" type="jump" coverage="50%"/></conditions></line><line number="39" hits="190" branch="true" condition-coverage="50% (2/4)"><conditions><condition number="0" type="jump" coverage="50%"/></conditions></line><line number="40" hits="190" branch="false"/><line number="42" hits="570" branch="true" condition-coverage="50% (1/2)"><conditions><condition number="0" type="jump" coverage="50%"/></conditions></line><line number="44" hits="190" branch="false"/><line number="46" hits="190" branch="false"/><line number="47" hits="190" branch="false"/><line number="48" hits="190" branch="false"/><line number="49" hits="190" branch="false"/><line number="51" hits="190" branch="false"/><line number="52" hits="190" branch="true" condition-coverage="50% (1/2)"><conditions><condition number="0" type="jump" coverage="50%"/></conditions></line><line number="53" hits="190" branch="true" condition-coverage="50% (2/4)"><conditions><condition number="0" type="jump" coverage="50%"/></conditions></line><line number="54" hits="190" branch="false"/><line number="56" hits="570" branch="true" condition-coverage="50% (1/2)"><conditions><condition number="0" type="jump" coverage="50%"/></conditions></line><line number="58" hits="570" branch="true" condition-coverage="50% (1/2)"><conditions><condition number="0" type="jump" coverage="50%"/></conditions></line><line number="60" hits="760" branch="true" condition-coverage="50% (2/4)"><conditions><condition number="0" type="jump" coverage="50%"/></conditions></line><line number="61" hits="190" branch="true" condition-coverage="50% (2/4)"><conditions><condition number="0" type="jump" coverage="50%"/></conditions></line><line number="63" hits="190" branch="true" condition-coverage="50% (3/6)"><conditions><condition number="0" type="jump" coverage="50%"/></conditions></line><line number="64" hits="190" branch="true" condition-coverage="50% (3/6)"><conditions><condition number="0" type="jump" coverage="50%"/></conditions></line><line number="65" hits="190" branch="true" condition-coverage="50% (3/6)"><conditions><condition number="0" type="jump" coverage="50%"/></conditions></line><line number="66" hits="190" branch="false"/></lines></class></classes></package></packages></coverage>